# QEMU configure log Thu Dec  5 00:59:02     2013
# Configured with: 'configure' '--enable-sdl' '--audio-drv-list=sdl' '--target-list=x86_64-softmmu' '--enable-kvm' '--enable-vnc' '--extra-cflags=-I /e/mingwbuild/qemu-fvm-1.3.1/linux-headers'
#
gcc -D_GNU_SOURCE -D_FILE_OFFSET_BITS=64 -D_LARGEFILE_SOURCE -Wstrict-prototypes -Wredundant-decls -Wall -Wundef -Wwrite-strings -Wmissing-prototypes -fno-strict-aliasing -I /e/mingwbuild/qemu-fvm-1.3.1/linux-headers -c -o /tmp/qemu-conf-7990-11708-1125.o /tmp/qemu-conf-30934-11708-7053.c
C:/Users/FANWEN~1/AppData/Local/Temp/qemu-conf-30934-11708-7053.c:2:2: error: #error __linux__ not defined
gcc -D_GNU_SOURCE -D_FILE_OFFSET_BITS=64 -D_LARGEFILE_SOURCE -Wstrict-prototypes -Wredundant-decls -Wall -Wundef -Wwrite-strings -Wmissing-prototypes -fno-strict-aliasing -I /e/mingwbuild/qemu-fvm-1.3.1/linux-headers -c -o /tmp/qemu-conf-7990-11708-1125.o /tmp/qemu-conf-30934-11708-7053.c
gcc -D_GNU_SOURCE -D_FILE_OFFSET_BITS=64 -D_LARGEFILE_SOURCE -Wstrict-prototypes -Wredundant-decls -Wall -Wundef -Wwrite-strings -Wmissing-prototypes -fno-strict-aliasing -I /e/mingwbuild/qemu-fvm-1.3.1/linux-headers -c -o /tmp/qemu-conf-7990-11708-1125.o /tmp/qemu-conf-30934-11708-7053.c
C:/Users/FANWEN~1/AppData/Local/Temp/qemu-conf-30934-11708-7053.c:2:2: error: #error __i386__ not defined
gcc -D_GNU_SOURCE -D_FILE_OFFSET_BITS=64 -D_LARGEFILE_SOURCE -Wstrict-prototypes -Wredundant-decls -Wall -Wundef -Wwrite-strings -Wmissing-prototypes -fno-strict-aliasing -I /e/mingwbuild/qemu-fvm-1.3.1/linux-headers -c -o /tmp/qemu-conf-7990-11708-1125.o /tmp/qemu-conf-30934-11708-7053.c
gcc -D__USE_MINGW_ANSI_STDIO=1 -DWIN32_LEAN_AND_MEAN -DWINVER=0x501 -D_GNU_SOURCE -D_FILE_OFFSET_BITS=64 -D_LARGEFILE_SOURCE -Wstrict-prototypes -Wredundant-decls -Wall -Wundef -Wwrite-strings -Wmissing-prototypes -fno-strict-aliasing -I /e/mingwbuild/qemu-fvm-1.3.1/linux-headers -o /tmp/qemu-conf-23470-11708-27064.exe /tmp/qemu-conf-30934-11708-7053.c -g -liberty
gcc -m64 -D__USE_MINGW_ANSI_STDIO=1 -DWIN32_LEAN_AND_MEAN -DWINVER=0x501 -D_GNU_SOURCE -D_FILE_OFFSET_BITS=64 -D_LARGEFILE_SOURCE -Wstrict-prototypes -Wredundant-decls -Wall -Wundef -Wwrite-strings -Wmissing-prototypes -fno-strict-aliasing -I /e/mingwbuild/qemu-fvm-1.3.1/linux-headers -c -o /tmp/qemu-conf-7990-11708-1125.o /tmp/qemu-conf-30934-11708-7053.c
gcc -m64 -D__USE_MINGW_ANSI_STDIO=1 -DWIN32_LEAN_AND_MEAN -DWINVER=0x501 -D_GNU_SOURCE -D_FILE_OFFSET_BITS=64 -D_LARGEFILE_SOURCE -Wstrict-prototypes -Wredundant-decls -Wall -Wundef -Wwrite-strings -Wmissing-prototypes -fno-strict-aliasing -I /e/mingwbuild/qemu-fvm-1.3.1/linux-headers -Werror -Winitializer-overrides -o /tmp/qemu-conf-23470-11708-27064.exe /tmp/qemu-conf-30934-11708-7053.c -m64 -g
gcc.exe: error: unrecognized command line option '-Winitializer-overrides'
gcc -m64 -D__USE_MINGW_ANSI_STDIO=1 -DWIN32_LEAN_AND_MEAN -DWINVER=0x501 -D_GNU_SOURCE -D_FILE_OFFSET_BITS=64 -D_LARGEFILE_SOURCE -Wstrict-prototypes -Wredundant-decls -Wall -Wundef -Wwrite-strings -Wmissing-prototypes -fno-strict-aliasing -I /e/mingwbuild/qemu-fvm-1.3.1/linux-headers -Werror -fstack-protector-all -o /tmp/qemu-conf-23470-11708-27064.exe /tmp/qemu-conf-30934-11708-7053.c -m64 -g
gcc -m64 -D__USE_MINGW_ANSI_STDIO=1 -DWIN32_LEAN_AND_MEAN -DWINVER=0x501 -D_GNU_SOURCE -D_FILE_OFFSET_BITS=64 -D_LARGEFILE_SOURCE -Wstrict-prototypes -Wredundant-decls -Wall -Wundef -Wwrite-strings -Wmissing-prototypes -fno-strict-aliasing -I /e/mingwbuild/qemu-fvm-1.3.1/linux-headers -fstack-protector-all -Werror -Wendif-labels -o /tmp/qemu-conf-23470-11708-27064.exe /tmp/qemu-conf-30934-11708-7053.c -m64 -g
gcc -m64 -D__USE_MINGW_ANSI_STDIO=1 -DWIN32_LEAN_AND_MEAN -DWINVER=0x501 -D_GNU_SOURCE -D_FILE_OFFSET_BITS=64 -D_LARGEFILE_SOURCE -Wstrict-prototypes -Wredundant-decls -Wall -Wundef -Wwrite-strings -Wmissing-prototypes -fno-strict-aliasing -I /e/mingwbuild/qemu-fvm-1.3.1/linux-headers -fstack-protector-all -Wendif-labels -Werror -Wmissing-include-dirs -o /tmp/qemu-conf-23470-11708-27064.exe /tmp/qemu-conf-30934-11708-7053.c -m64 -g
gcc -m64 -D__USE_MINGW_ANSI_STDIO=1 -DWIN32_LEAN_AND_MEAN -DWINVER=0x501 -D_GNU_SOURCE -D_FILE_OFFSET_BITS=64 -D_LARGEFILE_SOURCE -Wstrict-prototypes -Wredundant-decls -Wall -Wundef -Wwrite-strings -Wmissing-prototypes -fno-strict-aliasing -I /e/mingwbuild/qemu-fvm-1.3.1/linux-headers -fstack-protector-all -Wendif-labels -Wmissing-include-dirs -Werror -Wempty-body -o /tmp/qemu-conf-23470-11708-27064.exe /tmp/qemu-conf-30934-11708-7053.c -m64 -g
gcc -m64 -D__USE_MINGW_ANSI_STDIO=1 -DWIN32_LEAN_AND_MEAN -DWINVER=0x501 -D_GNU_SOURCE -D_FILE_OFFSET_BITS=64 -D_LARGEFILE_SOURCE -Wstrict-prototypes -Wredundant-decls -Wall -Wundef -Wwrite-strings -Wmissing-prototypes -fno-strict-aliasing -I /e/mingwbuild/qemu-fvm-1.3.1/linux-headers -fstack-protector-all -Wendif-labels -Wmissing-include-dirs -Wempty-body -Werror -Wnested-externs -o /tmp/qemu-conf-23470-11708-27064.exe /tmp/qemu-conf-30934-11708-7053.c -m64 -g
gcc -m64 -D__USE_MINGW_ANSI_STDIO=1 -DWIN32_LEAN_AND_MEAN -DWINVER=0x501 -D_GNU_SOURCE -D_FILE_OFFSET_BITS=64 -D_LARGEFILE_SOURCE -Wstrict-prototypes -Wredundant-decls -Wall -Wundef -Wwrite-strings -Wmissing-prototypes -fno-strict-aliasing -I /e/mingwbuild/qemu-fvm-1.3.1/linux-headers -fstack-protector-all -Wendif-labels -Wmissing-include-dirs -Wempty-body -Wnested-externs -Werror -Wformat-security -o /tmp/qemu-conf-23470-11708-27064.exe /tmp/qemu-conf-30934-11708-7053.c -m64 -g
gcc -m64 -D__USE_MINGW_ANSI_STDIO=1 -DWIN32_LEAN_AND_MEAN -DWINVER=0x501 -D_GNU_SOURCE -D_FILE_OFFSET_BITS=64 -D_LARGEFILE_SOURCE -Wstrict-prototypes -Wredundant-decls -Wall -Wundef -Wwrite-strings -Wmissing-prototypes -fno-strict-aliasing -I /e/mingwbuild/qemu-fvm-1.3.1/linux-headers -fstack-protector-all -Wendif-labels -Wmissing-include-dirs -Wempty-body -Wnested-externs -Wformat-security -Werror -Wformat-y2k -o /tmp/qemu-conf-23470-11708-27064.exe /tmp/qemu-conf-30934-11708-7053.c -m64 -g
gcc -m64 -D__USE_MINGW_ANSI_STDIO=1 -DWIN32_LEAN_AND_MEAN -DWINVER=0x501 -D_GNU_SOURCE -D_FILE_OFFSET_BITS=64 -D_LARGEFILE_SOURCE -Wstrict-prototypes -Wredundant-decls -Wall -Wundef -Wwrite-strings -Wmissing-prototypes -fno-strict-aliasing -I /e/mingwbuild/qemu-fvm-1.3.1/linux-headers -fstack-protector-all -Wendif-labels -Wmissing-include-dirs -Wempty-body -Wnested-externs -Wformat-security -Wformat-y2k -Werror -Winit-self -o /tmp/qemu-conf-23470-11708-27064.exe /tmp/qemu-conf-30934-11708-7053.c -m64 -g
gcc -m64 -D__USE_MINGW_ANSI_STDIO=1 -DWIN32_LEAN_AND_MEAN -DWINVER=0x501 -D_GNU_SOURCE -D_FILE_OFFSET_BITS=64 -D_LARGEFILE_SOURCE -Wstrict-prototypes -Wredundant-decls -Wall -Wundef -Wwrite-strings -Wmissing-prototypes -fno-strict-aliasing -I /e/mingwbuild/qemu-fvm-1.3.1/linux-headers -fstack-protector-all -Wendif-labels -Wmissing-include-dirs -Wempty-body -Wnested-externs -Wformat-security -Wformat-y2k -Winit-self -Werror -Wignored-qualifiers -o /tmp/qemu-conf-23470-11708-27064.exe /tmp/qemu-conf-30934-11708-7053.c -m64 -g
gcc -m64 -D__USE_MINGW_ANSI_STDIO=1 -DWIN32_LEAN_AND_MEAN -DWINVER=0x501 -D_GNU_SOURCE -D_FILE_OFFSET_BITS=64 -D_LARGEFILE_SOURCE -Wstrict-prototypes -Wredundant-decls -Wall -Wundef -Wwrite-strings -Wmissing-prototypes -fno-strict-aliasing -I /e/mingwbuild/qemu-fvm-1.3.1/linux-headers -fstack-protector-all -Wendif-labels -Wmissing-include-dirs -Wempty-body -Wnested-externs -Wformat-security -Wformat-y2k -Winit-self -Wignored-qualifiers -Werror -Wold-style-declaration -o /tmp/qemu-conf-23470-11708-27064.exe /tmp/qemu-conf-30934-11708-7053.c -m64 -g
gcc -m64 -D__USE_MINGW_ANSI_STDIO=1 -DWIN32_LEAN_AND_MEAN -DWINVER=0x501 -D_GNU_SOURCE -D_FILE_OFFSET_BITS=64 -D_LARGEFILE_SOURCE -Wstrict-prototypes -Wredundant-decls -Wall -Wundef -Wwrite-strings -Wmissing-prototypes -fno-strict-aliasing -I /e/mingwbuild/qemu-fvm-1.3.1/linux-headers -fstack-protector-all -Wendif-labels -Wmissing-include-dirs -Wempty-body -Wnested-externs -Wformat-security -Wformat-y2k -Winit-self -Wignored-qualifiers -Wold-style-declaration -Werror -Wold-style-definition -o /tmp/qemu-conf-23470-11708-27064.exe /tmp/qemu-conf-30934-11708-7053.c -m64 -g
gcc -m64 -D__USE_MINGW_ANSI_STDIO=1 -DWIN32_LEAN_AND_MEAN -DWINVER=0x501 -D_GNU_SOURCE -D_FILE_OFFSET_BITS=64 -D_LARGEFILE_SOURCE -Wstrict-prototypes -Wredundant-decls -Wall -Wundef -Wwrite-strings -Wmissing-prototypes -fno-strict-aliasing -I /e/mingwbuild/qemu-fvm-1.3.1/linux-headers -fstack-protector-all -Wendif-labels -Wmissing-include-dirs -Wempty-body -Wnested-externs -Wformat-security -Wformat-y2k -Winit-self -Wignored-qualifiers -Wold-style-declaration -Wold-style-definition -Werror -Wtype-limits -o /tmp/qemu-conf-23470-11708-27064.exe /tmp/qemu-conf-30934-11708-7053.c -m64 -g
gcc -m64 -D__USE_MINGW_ANSI_STDIO=1 -DWIN32_LEAN_AND_MEAN -DWINVER=0x501 -D_GNU_SOURCE -D_FILE_OFFSET_BITS=64 -D_LARGEFILE_SOURCE -Wstrict-prototypes -Wredundant-decls -Wall -Wundef -Wwrite-strings -Wmissing-prototypes -fno-strict-aliasing -I /e/mingwbuild/qemu-fvm-1.3.1/linux-headers -fstack-protector-all -Wendif-labels -Wmissing-include-dirs -Wempty-body -Wnested-externs -Wformat-security -Wformat-y2k -Winit-self -Wignored-qualifiers -Wold-style-declaration -Wold-style-definition -Wtype-limits -Werror -fno-gcse -o /tmp/qemu-conf-23470-11708-27064.exe /tmp/qemu-conf-30934-11708-7053.c -m64 -g
gcc -m64 -D__USE_MINGW_ANSI_STDIO=1 -DWIN32_LEAN_AND_MEAN -DWINVER=0x501 -D_GNU_SOURCE -D_FILE_OFFSET_BITS=64 -D_LARGEFILE_SOURCE -Wstrict-prototypes -Wredundant-decls -Wall -Wundef -Wwrite-strings -Wmissing-prototypes -fno-strict-aliasing -I /e/mingwbuild/qemu-fvm-1.3.1/linux-headers -fstack-protector-all -Wendif-labels -Wmissing-include-dirs -Wempty-body -Wnested-externs -Wformat-security -Wformat-y2k -Winit-self -Wignored-qualifiers -Wold-style-declaration -Wold-style-definition -Wtype-limits -o /tmp/qemu-conf-23470-11708-27064.exe /tmp/qemu-conf-30934-11708-7053.c -m64 -g
gcc -m64 -D__USE_MINGW_ANSI_STDIO=1 -DWIN32_LEAN_AND_MEAN -DWINVER=0x501 -D_GNU_SOURCE -D_FILE_OFFSET_BITS=64 -D_LARGEFILE_SOURCE -Wstrict-prototypes -Wredundant-decls -Wall -Wundef -Wwrite-strings -Wmissing-prototypes -fno-strict-aliasing -I /e/mingwbuild/qemu-fvm-1.3.1/linux-headers -fstack-protector-all -Wendif-labels -Wmissing-include-dirs -Wempty-body -Wnested-externs -Wformat-security -Wformat-y2k -Winit-self -Wignored-qualifiers -Wold-style-declaration -Wold-style-definition -Wtype-limits -c -o /tmp/qemu-conf-7990-11708-1125.o /tmp/qemu-conf-30934-11708-7053.c
C:/Users/FANWEN~1/AppData/Local/Temp/qemu-conf-30934-11708-7053.c:2:25: fatal error: linux/futex.h: No such file or directory
compilation terminated.
gcc -m64 -D__USE_MINGW_ANSI_STDIO=1 -DWIN32_LEAN_AND_MEAN -DWINVER=0x501 -D_GNU_SOURCE -D_FILE_OFFSET_BITS=64 -D_LARGEFILE_SOURCE -Wstrict-prototypes -Wredundant-decls -Wall -Wundef -Wwrite-strings -Wmissing-prototypes -fno-strict-aliasing -I /e/mingwbuild/qemu-fvm-1.3.1/linux-headers -fstack-protector-all -Wendif-labels -Wmissing-include-dirs -Wempty-body -Wnested-externs -Wformat-security -Wformat-y2k -Winit-self -Wignored-qualifiers -Wold-style-declaration -Wold-style-definition -Wtype-limits -o /tmp/qemu-conf-23470-11708-27064.exe /tmp/qemu-conf-30934-11708-7053.c -m64 -g -lz
gcc -m64 -D__USE_MINGW_ANSI_STDIO=1 -DWIN32_LEAN_AND_MEAN -DWINVER=0x501 -D_GNU_SOURCE -D_FILE_OFFSET_BITS=64 -D_LARGEFILE_SOURCE -Wstrict-prototypes -Wredundant-decls -Wall -Wundef -Wwrite-strings -Wmissing-prototypes -fno-strict-aliasing -I /e/mingwbuild/qemu-fvm-1.3.1/linux-headers -fstack-protector-all -Wendif-labels -Wmissing-include-dirs -Wempty-body -Wnested-externs -Wformat-security -Wformat-y2k -Winit-self -Wignored-qualifiers -Wold-style-declaration -Wold-style-definition -Wtype-limits -o /tmp/qemu-conf-23470-11708-27064.exe /tmp/qemu-conf-30934-11708-7053.c -m64 -g -lxenstore -lxenctrl -lxenguest
C:/Users/FANWEN~1/AppData/Local/Temp/qemu-conf-30934-11708-7053.c:1:21: fatal error: xenctrl.h: No such file or directory
compilation terminated.
gcc -m64 -D__USE_MINGW_ANSI_STDIO=1 -DWIN32_LEAN_AND_MEAN -DWINVER=0x501 -D_GNU_SOURCE -D_FILE_OFFSET_BITS=64 -D_LARGEFILE_SOURCE -Wstrict-prototypes -Wredundant-decls -Wall -Wundef -Wwrite-strings -Wmissing-prototypes -fno-strict-aliasing -I /e/mingwbuild/qemu-fvm-1.3.1/linux-headers -fstack-protector-all -Wendif-labels -Wmissing-include-dirs -Wempty-body -Wnested-externs -Wformat-security -Wformat-y2k -Winit-self -Wignored-qualifiers -Wold-style-declaration -Wold-style-definition -Wtype-limits -I/usr/local/include/SDL -D_GNU_SOURCE=1 -Dmain=SDL_main -o /tmp/qemu-conf-23470-11708-27064.exe /tmp/qemu-conf-30934-11708-7053.c -m64 -g -L/usr/local/lib -lmingw32 -lSDLmain -lSDL -mwindows
cc1.exe: warning: D:/mingw64/msys/local/include/SDL: No such file or directory [enabled by default]
gcc -m64 -D__USE_MINGW_ANSI_STDIO=1 -DWIN32_LEAN_AND_MEAN -DWINVER=0x501 -D_GNU_SOURCE -D_FILE_OFFSET_BITS=64 -D_LARGEFILE_SOURCE -Wstrict-prototypes -Wredundant-decls -Wall -Wundef -Wwrite-strings -Wmissing-prototypes -fno-strict-aliasing -I /e/mingwbuild/qemu-fvm-1.3.1/linux-headers -fstack-protector-all -Wendif-labels -Wmissing-include-dirs -Wempty-body -Wnested-externs -Wformat-security -Wformat-y2k -Winit-self -Wignored-qualifiers -Wold-style-declaration -Wold-style-definition -Wtype-limits -I/usr/local/include/SDL -D_GNU_SOURCE=1 -Dmain=SDL_main -o /tmp/qemu-conf-23470-11708-27064.exe /tmp/qemu-conf-30934-11708-7053.c -m64 -g -L/usr/local/lib -lmingw32 -lSDLmain -lSDL -mwindows
cc1.exe: warning: D:/mingw64/msys/local/include/SDL: No such file or directory [enabled by default]
C:/Users/FANWEN~1/AppData/Local/Temp/qemu-conf-30934-11708-7053.c:5:2: error: #error No x11 support
C:/Users/FANWEN~1/AppData/Local/Temp/qemu-conf-30934-11708-7053.c:7:5: error: conflicting types for 'SDL_main'
In file included from d:\mingw64\bin\../lib/gcc/x86_64-w64-mingw32/4.7.0/../../../../x86_64-w64-mingw32/include/SDL.h:30:0,
                 from C:/Users/FANWEN~1/AppData/Local/Temp/qemu-conf-30934-11708-7053.c:1:
d:\mingw64\bin\../lib/gcc/x86_64-w64-mingw32/4.7.0/../../../../x86_64-w64-mingw32/include/SDL_main.h:57:22: note: previous declaration of 'SDL_main' was here
gcc -m64 -D__USE_MINGW_ANSI_STDIO=1 -DWIN32_LEAN_AND_MEAN -DWINVER=0x501 -D_GNU_SOURCE -D_FILE_OFFSET_BITS=64 -D_LARGEFILE_SOURCE -Wstrict-prototypes -Wredundant-decls -Wall -Wundef -Wwrite-strings -Wmissing-prototypes -fno-strict-aliasing -I /e/mingwbuild/qemu-fvm-1.3.1/linux-headers -fstack-protector-all -Wendif-labels -Wmissing-include-dirs -Wempty-body -Wnested-externs -Wformat-security -Wformat-y2k -Winit-self -Wignored-qualifiers -Wold-style-declaration -Wold-style-definition -Wtype-limits -o /tmp/qemu-conf-23470-11708-27064.exe /tmp/qemu-conf-30934-11708-7053.c -m64 -g
C:/Users/FANWEN~1/AppData/Local/Temp/qemu-conf-30934-11708-7053.c:1:27: fatal error: gnutls/gnutls.h: No such file or directory
compilation terminated.
gcc -m64 -D__USE_MINGW_ANSI_STDIO=1 -DWIN32_LEAN_AND_MEAN -DWINVER=0x501 -D_GNU_SOURCE -D_FILE_OFFSET_BITS=64 -D_LARGEFILE_SOURCE -Wstrict-prototypes -Wredundant-decls -Wall -Wundef -Wwrite-strings -Wmissing-prototypes -fno-strict-aliasing -I /e/mingwbuild/qemu-fvm-1.3.1/linux-headers -fstack-protector-all -Wendif-labels -Wmissing-include-dirs -Wempty-body -Wnested-externs -Wformat-security -Wformat-y2k -Winit-self -Wignored-qualifiers -Wold-style-declaration -Wold-style-definition -Wtype-limits -o /tmp/qemu-conf-23470-11708-27064.exe /tmp/qemu-conf-30934-11708-7053.c -m64 -g -lsasl2
C:/Users/FANWEN~1/AppData/Local/Temp/qemu-conf-30934-11708-7053.c:1:23: fatal error: sasl/sasl.h: No such file or directory
compilation terminated.
gcc -m64 -D__USE_MINGW_ANSI_STDIO=1 -DWIN32_LEAN_AND_MEAN -DWINVER=0x501 -D_GNU_SOURCE -D_FILE_OFFSET_BITS=64 -D_LARGEFILE_SOURCE -Wstrict-prototypes -Wredundant-decls -Wall -Wundef -Wwrite-strings -Wmissing-prototypes -fno-strict-aliasing -I /e/mingwbuild/qemu-fvm-1.3.1/linux-headers -fstack-protector-all -Wendif-labels -Wmissing-include-dirs -Wempty-body -Wnested-externs -Wformat-security -Wformat-y2k -Winit-self -Wignored-qualifiers -Wold-style-declaration -Wold-style-definition -Wtype-limits -o /tmp/qemu-conf-23470-11708-27064.exe /tmp/qemu-conf-30934-11708-7053.c -m64 -g -ljpeg
gcc -m64 -D__USE_MINGW_ANSI_STDIO=1 -DWIN32_LEAN_AND_MEAN -DWINVER=0x501 -D_GNU_SOURCE -D_FILE_OFFSET_BITS=64 -D_LARGEFILE_SOURCE -Wstrict-prototypes -Wredundant-decls -Wall -Wundef -Wwrite-strings -Wmissing-prototypes -fno-strict-aliasing -I /e/mingwbuild/qemu-fvm-1.3.1/linux-headers -fstack-protector-all -Wendif-labels -Wmissing-include-dirs -Wempty-body -Wnested-externs -Wformat-security -Wformat-y2k -Winit-self -Wignored-qualifiers -Wold-style-declaration -Wold-style-definition -Wtype-limits -o /tmp/qemu-conf-23470-11708-27064.exe /tmp/qemu-conf-30934-11708-7053.c -m64 -g -lpng
C:/Users/FANWEN~1/AppData/Local/Temp/qemu-conf-30934-11708-7053.c:2:17: fatal error: png.h: No such file or directory
compilation terminated.
gcc -m64 -D__USE_MINGW_ANSI_STDIO=1 -DWIN32_LEAN_AND_MEAN -DWINVER=0x501 -D_GNU_SOURCE -D_FILE_OFFSET_BITS=64 -D_LARGEFILE_SOURCE -Wstrict-prototypes -Wredundant-decls -Wall -Wundef -Wwrite-strings -Wmissing-prototypes -fno-strict-aliasing -I /e/mingwbuild/qemu-fvm-1.3.1/linux-headers -fstack-protector-all -Wendif-labels -Wmissing-include-dirs -Wempty-body -Wnested-externs -Wformat-security -Wformat-y2k -Winit-self -Wignored-qualifiers -Wold-style-declaration -Wold-style-definition -Wtype-limits -o /tmp/qemu-conf-23470-11708-27064.exe /tmp/qemu-conf-30934-11708-7053.c -m64 -g
C:/Users/FANWEN~1/AppData/Local/Temp/qemu-conf-30934-11708-7053.c:1:21: fatal error: fnmatch.h: No such file or directory
compilation terminated.
gcc -m64 -D__USE_MINGW_ANSI_STDIO=1 -DWIN32_LEAN_AND_MEAN -DWINVER=0x501 -D_GNU_SOURCE -D_FILE_OFFSET_BITS=64 -D_LARGEFILE_SOURCE -Wstrict-prototypes -Wredundant-decls -Wall -Wundef -Wwrite-strings -Wmissing-prototypes -fno-strict-aliasing -I /e/mingwbuild/qemu-fvm-1.3.1/linux-headers -fstack-protector-all -Wendif-labels -Wmissing-include-dirs -Wempty-body -Wnested-externs -Wformat-security -Wformat-y2k -Winit-self -Wignored-qualifiers -Wold-style-declaration -Wold-style-definition -Wtype-limits -o /tmp/qemu-conf-23470-11708-27064.exe /tmp/qemu-conf-30934-11708-7053.c -m64 -g -luuid
C:/Users/FANWEN~1/AppData/Local/Temp/qemu-conf-30934-11708-7053.c:1:23: fatal error: uuid/uuid.h: No such file or directory
compilation terminated.
gcc -m64 -D__USE_MINGW_ANSI_STDIO=1 -DWIN32_LEAN_AND_MEAN -DWINVER=0x501 -D_GNU_SOURCE -D_FILE_OFFSET_BITS=64 -D_LARGEFILE_SOURCE -Wstrict-prototypes -Wredundant-decls -Wall -Wundef -Wwrite-strings -Wmissing-prototypes -fno-strict-aliasing -I /e/mingwbuild/qemu-fvm-1.3.1/linux-headers -fstack-protector-all -Wendif-labels -Wmissing-include-dirs -Wempty-body -Wnested-externs -Wformat-security -Wformat-y2k -Winit-self -Wignored-qualifiers -Wold-style-declaration -Wold-style-definition -Wtype-limits -o /tmp/qemu-conf-23470-11708-27064.exe /tmp/qemu-conf-30934-11708-7053.c -m64 -g
C:/Users/FANWEN~1/AppData/Local/Temp/qemu-conf-30934-11708-7053.c:2:21: fatal error: xfs/xfs.h: No such file or directory
compilation terminated.
gcc -m64 -D__USE_MINGW_ANSI_STDIO=1 -DWIN32_LEAN_AND_MEAN -DWINVER=0x501 -D_GNU_SOURCE -D_FILE_OFFSET_BITS=64 -D_LARGEFILE_SOURCE -Wstrict-prototypes -Wredundant-decls -Wall -Wundef -Wwrite-strings -Wmissing-prototypes -fno-strict-aliasing -I /e/mingwbuild/qemu-fvm-1.3.1/linux-headers -fstack-protector-all -Wendif-labels -Wmissing-include-dirs -Wempty-body -Wnested-externs -Wformat-security -Wformat-y2k -Winit-self -Wignored-qualifiers -Wold-style-declaration -Wold-style-definition -Wtype-limits -o /tmp/qemu-conf-23470-11708-27064.exe /tmp/qemu-conf-30934-11708-7053.c -m64 -g -lvdeplug
C:/Users/FANWEN~1/AppData/Local/Temp/qemu-conf-30934-11708-7053.c:1:24: fatal error: libvdeplug.h: No such file or directory
compilation terminated.
gcc -m64 -D__USE_MINGW_ANSI_STDIO=1 -DWIN32_LEAN_AND_MEAN -DWINVER=0x501 -D_GNU_SOURCE -D_FILE_OFFSET_BITS=64 -D_LARGEFILE_SOURCE -Wstrict-prototypes -Wredundant-decls -Wall -Wundef -Wwrite-strings -Wmissing-prototypes -fno-strict-aliasing -I /e/mingwbuild/qemu-fvm-1.3.1/linux-headers -fstack-protector-all -Wendif-labels -Wmissing-include-dirs -Wempty-body -Wnested-externs -Wformat-security -Wformat-y2k -Winit-self -Wignored-qualifiers -Wold-style-declaration -Wold-style-definition -Wtype-limits -o /tmp/qemu-conf-23470-11708-27064.exe /tmp/qemu-conf-30934-11708-7053.c -m64 -g -lcap-ng
C:/Users/FANWEN~1/AppData/Local/Temp/qemu-conf-30934-11708-7053.c:1:20: fatal error: cap-ng.h: No such file or directory
compilation terminated.
gcc -m64 -D__USE_MINGW_ANSI_STDIO=1 -DWIN32_LEAN_AND_MEAN -DWINVER=0x501 -D_GNU_SOURCE -D_FILE_OFFSET_BITS=64 -D_LARGEFILE_SOURCE -Wstrict-prototypes -Wredundant-decls -Wall -Wundef -Wwrite-strings -Wmissing-prototypes -fno-strict-aliasing -I /e/mingwbuild/qemu-fvm-1.3.1/linux-headers -fstack-protector-all -Wendif-labels -Wmissing-include-dirs -Wempty-body -Wnested-externs -Wformat-security -Wformat-y2k -Winit-self -Wignored-qualifiers -Wold-style-declaration -Wold-style-definition -Wtype-limits -o /tmp/qemu-conf-23470-11708-27064.exe /tmp/qemu-conf-30934-11708-7053.c -m64 -g -lbrlapi
C:/Users/FANWEN~1/AppData/Local/Temp/qemu-conf-30934-11708-7053.c:1:20: fatal error: brlapi.h: No such file or directory
compilation terminated.
gcc -m64 -D__USE_MINGW_ANSI_STDIO=1 -DWIN32_LEAN_AND_MEAN -DWINVER=0x501 -D_GNU_SOURCE -D_FILE_OFFSET_BITS=64 -D_LARGEFILE_SOURCE -Wstrict-prototypes -Wredundant-decls -Wall -Wundef -Wwrite-strings -Wmissing-prototypes -fno-strict-aliasing -I /e/mingwbuild/qemu-fvm-1.3.1/linux-headers -fstack-protector-all -Wendif-labels -Wmissing-include-dirs -Wempty-body -Wnested-externs -Wformat-security -Wformat-y2k -Winit-self -Wignored-qualifiers -Wold-style-declaration -Wold-style-definition -Wtype-limits -o /tmp/qemu-conf-23470-11708-27064.exe /tmp/qemu-conf-30934-11708-7053.c -m64 -g -lpdcurses
C:/Users/FANWEN~1/AppData/Local/Temp/qemu-conf-30934-11708-7053.c:1:20: fatal error: curses.h: No such file or directory
compilation terminated.
gcc -m64 -D__USE_MINGW_ANSI_STDIO=1 -DWIN32_LEAN_AND_MEAN -DWINVER=0x501 -D_GNU_SOURCE -D_FILE_OFFSET_BITS=64 -D_LARGEFILE_SOURCE -Wstrict-prototypes -Wredundant-decls -Wall -Wundef -Wwrite-strings -Wmissing-prototypes -fno-strict-aliasing -I /e/mingwbuild/qemu-fvm-1.3.1/linux-headers -fstack-protector-all -Wendif-labels -Wmissing-include-dirs -Wempty-body -Wnested-externs -Wformat-security -Wformat-y2k -Winit-self -Wignored-qualifiers -Wold-style-declaration -Wold-style-definition -Wtype-limits -o /tmp/qemu-conf-23470-11708-27064.exe /tmp/qemu-conf-30934-11708-7053.c -m64 -g
C:/Users/FANWEN~1/AppData/Local/Temp/qemu-conf-30934-11708-7053.c:1:23: fatal error: curl/curl.h: No such file or directory
compilation terminated.
gcc -m64 -D__USE_MINGW_ANSI_STDIO=1 -DWIN32_LEAN_AND_MEAN -DWINVER=0x501 -D_GNU_SOURCE -D_FILE_OFFSET_BITS=64 -D_LARGEFILE_SOURCE -Wstrict-prototypes -Wredundant-decls -Wall -Wundef -Wwrite-strings -Wmissing-prototypes -fno-strict-aliasing -I /e/mingwbuild/qemu-fvm-1.3.1/linux-headers -fstack-protector-all -Wendif-labels -Wmissing-include-dirs -Wempty-body -Wnested-externs -Wformat-security -Wformat-y2k -Winit-self -Wignored-qualifiers -Wold-style-declaration -Wold-style-definition -Wtype-limits -o /tmp/qemu-conf-23470-11708-27064.exe /tmp/qemu-conf-30934-11708-7053.c -m64 -g
C:/Users/FANWEN~1/AppData/Local/Temp/qemu-conf-30934-11708-7053.c:1:33: fatal error: bluetooth/bluetooth.h: No such file or directory
compilation terminated.
gcc -m64 -D__USE_MINGW_ANSI_STDIO=1 -DWIN32_LEAN_AND_MEAN -DWINVER=0x501 -D_GNU_SOURCE -D_FILE_OFFSET_BITS=64 -D_LARGEFILE_SOURCE -Wstrict-prototypes -Wredundant-decls -Wall -Wundef -Wwrite-strings -Wmissing-prototypes -fno-strict-aliasing -I /e/mingwbuild/qemu-fvm-1.3.1/linux-headers -fstack-protector-all -Wendif-labels -Wmissing-include-dirs -Wempty-body -Wnested-externs -Wformat-security -Wformat-y2k -Winit-self -Wignored-qualifiers -Wold-style-declaration -Wold-style-definition -Wtype-limits -o /tmp/qemu-conf-23470-11708-27064.exe /tmp/qemu-conf-30934-11708-7053.c -m64 -g -lcap
C:/Users/FANWEN~1/AppData/Local/Temp/qemu-conf-30934-11708-7053.c:2:28: fatal error: sys/capability.h: No such file or directory
compilation terminated.
gcc -m64 -D__USE_MINGW_ANSI_STDIO=1 -DWIN32_LEAN_AND_MEAN -DWINVER=0x501 -D_GNU_SOURCE -D_FILE_OFFSET_BITS=64 -D_LARGEFILE_SOURCE -Wstrict-prototypes -Wredundant-decls -Wall -Wundef -Wwrite-strings -Wmissing-prototypes -fno-strict-aliasing -I /e/mingwbuild/qemu-fvm-1.3.1/linux-headers -fstack-protector-all -Wendif-labels -Wmissing-include-dirs -Wempty-body -Wnested-externs -Wformat-security -Wformat-y2k -Winit-self -Wignored-qualifiers -Wold-style-declaration -Wold-style-definition -Wtype-limits -o /tmp/qemu-conf-23470-11708-27064.exe /tmp/qemu-conf-30934-11708-7053.c -m64 -g
C:\Users\FANWEN~1\AppData\Local\Temp\cc6CjMg2.o: In function `main':
C:/Users/FANWEN~1/AppData/Local/Temp/qemu-conf-30934-11708-7053.c:5: undefined reference to `__imp_pthread_create'
collect2.exe: error: ld returned 1 exit status
gcc -m64 -D__USE_MINGW_ANSI_STDIO=1 -DWIN32_LEAN_AND_MEAN -DWINVER=0x501 -D_GNU_SOURCE -D_FILE_OFFSET_BITS=64 -D_LARGEFILE_SOURCE -Wstrict-prototypes -Wredundant-decls -Wall -Wundef -Wwrite-strings -Wmissing-prototypes -fno-strict-aliasing -I /e/mingwbuild/qemu-fvm-1.3.1/linux-headers -fstack-protector-all -Wendif-labels -Wmissing-include-dirs -Wempty-body -Wnested-externs -Wformat-security -Wformat-y2k -Winit-self -Wignored-qualifiers -Wold-style-declaration -Wold-style-definition -Wtype-limits -o /tmp/qemu-conf-23470-11708-27064.exe /tmp/qemu-conf-30934-11708-7053.c -m64 -g -pthread
gcc -m64 -D__USE_MINGW_ANSI_STDIO=1 -DWIN32_LEAN_AND_MEAN -DWINVER=0x501 -D_GNU_SOURCE -D_FILE_OFFSET_BITS=64 -D_LARGEFILE_SOURCE -Wstrict-prototypes -Wredundant-decls -Wall -Wundef -Wwrite-strings -Wmissing-prototypes -fno-strict-aliasing -I /e/mingwbuild/qemu-fvm-1.3.1/linux-headers -fstack-protector-all -Wendif-labels -Wmissing-include-dirs -Wempty-body -Wnested-externs -Wformat-security -Wformat-y2k -Winit-self -Wignored-qualifiers -Wold-style-declaration -Wold-style-definition -Wtype-limits -o /tmp/qemu-conf-23470-11708-27064.exe /tmp/qemu-conf-30934-11708-7053.c -m64 -g -lrbd -lrados
C:/Users/FANWEN~1/AppData/Local/Temp/qemu-conf-30934-11708-7053.c:2:24: fatal error: rbd/librbd.h: No such file or directory
compilation terminated.
gcc -m64 -D__USE_MINGW_ANSI_STDIO=1 -DWIN32_LEAN_AND_MEAN -DWINVER=0x501 -D_GNU_SOURCE -D_FILE_OFFSET_BITS=64 -D_LARGEFILE_SOURCE -Wstrict-prototypes -Wredundant-decls -Wall -Wundef -Wwrite-strings -Wmissing-prototypes -fno-strict-aliasing -I /e/mingwbuild/qemu-fvm-1.3.1/linux-headers -fstack-protector-all -Wendif-labels -Wmissing-include-dirs -Wempty-body -Wnested-externs -Wformat-security -Wformat-y2k -Winit-self -Wignored-qualifiers -Wold-style-declaration -Wold-style-definition -Wtype-limits -o /tmp/qemu-conf-23470-11708-27064.exe /tmp/qemu-conf-30934-11708-7053.c -m64 -g -laio
C:/Users/FANWEN~1/AppData/Local/Temp/qemu-conf-30934-11708-7053.c:1:20: fatal error: libaio.h: No such file or directory
compilation terminated.
gcc -m64 -D__USE_MINGW_ANSI_STDIO=1 -DWIN32_LEAN_AND_MEAN -DWINVER=0x501 -D_GNU_SOURCE -D_FILE_OFFSET_BITS=64 -D_LARGEFILE_SOURCE -Wstrict-prototypes -Wredundant-decls -Wall -Wundef -Wwrite-strings -Wmissing-prototypes -fno-strict-aliasing -I /e/mingwbuild/qemu-fvm-1.3.1/linux-headers -fstack-protector-all -Wendif-labels -Wmissing-include-dirs -Wempty-body -Wnested-externs -Wformat-security -Wformat-y2k -Winit-self -Wignored-qualifiers -Wold-style-declaration -Wold-style-definition -Wtype-limits -o /tmp/qemu-conf-23470-11708-27064.exe /tmp/qemu-conf-30934-11708-7053.c -m64 -g
C:/Users/FANWEN~1/AppData/Local/Temp/qemu-conf-30934-11708-7053.c:6:23: fatal error: sys/xattr.h: No such file or directory
compilation terminated.
gcc -m64 -D__USE_MINGW_ANSI_STDIO=1 -DWIN32_LEAN_AND_MEAN -DWINVER=0x501 -D_GNU_SOURCE -D_FILE_OFFSET_BITS=64 -D_LARGEFILE_SOURCE -Wstrict-prototypes -Wredundant-decls -Wall -Wundef -Wwrite-strings -Wmissing-prototypes -fno-strict-aliasing -I /e/mingwbuild/qemu-fvm-1.3.1/linux-headers -fstack-protector-all -Wendif-labels -Wmissing-include-dirs -Wempty-body -Wnested-externs -Wformat-security -Wformat-y2k -Winit-self -Wignored-qualifiers -Wold-style-declaration -Wold-style-definition -Wtype-limits -DCONFIG_LIBATTR -o /tmp/qemu-conf-23470-11708-27064.exe /tmp/qemu-conf-30934-11708-7053.c -m64 -g -lattr
C:/Users/FANWEN~1/AppData/Local/Temp/qemu-conf-30934-11708-7053.c:4:24: fatal error: attr/xattr.h: No such file or directory
compilation terminated.
gcc -m64 -D__USE_MINGW_ANSI_STDIO=1 -DWIN32_LEAN_AND_MEAN -DWINVER=0x501 -D_GNU_SOURCE -D_FILE_OFFSET_BITS=64 -D_LARGEFILE_SOURCE -Wstrict-prototypes -Wredundant-decls -Wall -Wundef -Wwrite-strings -Wmissing-prototypes -fno-strict-aliasing -I /e/mingwbuild/qemu-fvm-1.3.1/linux-headers -fstack-protector-all -Wendif-labels -Wmissing-include-dirs -Wempty-body -Wnested-externs -Wformat-security -Wformat-y2k -Winit-self -Wignored-qualifiers -Wold-style-declaration -Wold-style-definition -Wtype-limits -o /tmp/qemu-conf-23470-11708-27064.exe /tmp/qemu-conf-30934-11708-7053.c -m64 -g
C:/Users/FANWEN~1/AppData/Local/Temp/qemu-conf-30934-11708-7053.c:2:21: fatal error: sys/uio.h: No such file or directory
compilation terminated.
gcc -m64 -D__USE_MINGW_ANSI_STDIO=1 -DWIN32_LEAN_AND_MEAN -DWINVER=0x501 -D_GNU_SOURCE -D_FILE_OFFSET_BITS=64 -D_LARGEFILE_SOURCE -Wstrict-prototypes -Wredundant-decls -Wall -Wundef -Wwrite-strings -Wmissing-prototypes -fno-strict-aliasing -I /e/mingwbuild/qemu-fvm-1.3.1/linux-headers -fstack-protector-all -Wendif-labels -Wmissing-include-dirs -Wempty-body -Wnested-externs -Wformat-security -Wformat-y2k -Winit-self -Wignored-qualifiers -Wold-style-declaration -Wold-style-definition -Wtype-limits -o /tmp/qemu-conf-23470-11708-27064.exe /tmp/qemu-conf-30934-11708-7053.c -m64 -g
C:/Users/FANWEN~1/AppData/Local/Temp/qemu-conf-30934-11708-7053.c:2:21: fatal error: sys/uio.h: No such file or directory
compilation terminated.
gcc -m64 -D__USE_MINGW_ANSI_STDIO=1 -DWIN32_LEAN_AND_MEAN -DWINVER=0x501 -D_GNU_SOURCE -D_FILE_OFFSET_BITS=64 -D_LARGEFILE_SOURCE -Wstrict-prototypes -Wredundant-decls -Wall -Wundef -Wwrite-strings -Wmissing-prototypes -fno-strict-aliasing -I /e/mingwbuild/qemu-fvm-1.3.1/linux-headers -fstack-protector-all -Wendif-labels -Wmissing-include-dirs -Wempty-body -Wnested-externs -Wformat-security -Wformat-y2k -Winit-self -Wignored-qualifiers -Wold-style-declaration -Wold-style-definition -Wtype-limits -o /tmp/qemu-conf-23470-11708-27064.exe /tmp/qemu-conf-30934-11708-7053.c -m64 -g -lfdt
d:/mingw64/bin/../lib/gcc/x86_64-w64-mingw32/4.7.0/../../../../x86_64-w64-mingw32/bin/ld.exe: cannot find -lfdt
collect2.exe: error: ld returned 1 exit status
gcc -m64 -D__USE_MINGW_ANSI_STDIO=1 -DWIN32_LEAN_AND_MEAN -DWINVER=0x501 -D_GNU_SOURCE -D_FILE_OFFSET_BITS=64 -D_LARGEFILE_SOURCE -Wstrict-prototypes -Wredundant-decls -Wall -Wundef -Wwrite-strings -Wmissing-prototypes -fno-strict-aliasing -I /e/mingwbuild/qemu-fvm-1.3.1/linux-headers -fstack-protector-all -Wendif-labels -Wmissing-include-dirs -Wempty-body -Wnested-externs -Wformat-security -Wformat-y2k -Winit-self -Wignored-qualifiers -Wold-style-declaration -Wold-style-definition -Wtype-limits -o /tmp/qemu-conf-23470-11708-27064.exe /tmp/qemu-conf-30934-11708-7053.c -m64 -g -lGL
C:/Users/FANWEN~1/AppData/Local/Temp/qemu-conf-30934-11708-7053.c:1:22: fatal error: X11/Xlib.h: No such file or directory
compilation terminated.
gcc -m64 -D__USE_MINGW_ANSI_STDIO=1 -DWIN32_LEAN_AND_MEAN -DWINVER=0x501 -D_GNU_SOURCE -D_FILE_OFFSET_BITS=64 -D_LARGEFILE_SOURCE -Wstrict-prototypes -Wredundant-decls -Wall -Wundef -Wwrite-strings -Wmissing-prototypes -fno-strict-aliasing -I /e/mingwbuild/qemu-fvm-1.3.1/linux-headers -fstack-protector-all -Wendif-labels -Wmissing-include-dirs -Wempty-body -Wnested-externs -Wformat-security -Wformat-y2k -Winit-self -Wignored-qualifiers -Wold-style-declaration -Wold-style-definition -Wtype-limits -o /tmp/qemu-conf-23470-11708-27064.exe /tmp/qemu-conf-30934-11708-7053.c -m64 -g -lgfapi -lgfrpc -lgfxdr
C:/Users/FANWEN~1/AppData/Local/Temp/qemu-conf-30934-11708-7053.c:1:32: fatal error: glusterfs/api/glfs.h: No such file or directory
compilation terminated.
gcc -m64 -D__USE_MINGW_ANSI_STDIO=1 -DWIN32_LEAN_AND_MEAN -DWINVER=0x501 -D_GNU_SOURCE -D_FILE_OFFSET_BITS=64 -D_LARGEFILE_SOURCE -Wstrict-prototypes -Wredundant-decls -Wall -Wundef -Wwrite-strings -Wmissing-prototypes -fno-strict-aliasing -I /e/mingwbuild/qemu-fvm-1.3.1/linux-headers -fstack-protector-all -Wendif-labels -Wmissing-include-dirs -Wempty-body -Wnested-externs -Wformat-security -Wformat-y2k -Winit-self -Wignored-qualifiers -Wold-style-declaration -Wold-style-definition -Wtype-limits -o /tmp/qemu-conf-23470-11708-27064.exe /tmp/qemu-conf-30934-11708-7053.c -m64 -g
C:/Users/FANWEN~1/AppData/Local/Temp/qemu-conf-30934-11708-7053.c: In function 'main':
C:/Users/FANWEN~1/AppData/Local/Temp/qemu-conf-30934-11708-7053.c:10:2: warning: implicit declaration of function 'unlinkat' [-Wimplicit-function-declaration]
C:/Users/FANWEN~1/AppData/Local/Temp/qemu-conf-30934-11708-7053.c:10:2: warning: nested extern declaration of 'unlinkat' [-Wnested-externs]
C:/Users/FANWEN~1/AppData/Local/Temp/qemu-conf-30934-11708-7053.c:10:19: error: 'AT_FDCWD' undeclared (first use in this function)
C:/Users/FANWEN~1/AppData/Local/Temp/qemu-conf-30934-11708-7053.c:10:19: note: each undeclared identifier is reported only once for each function it appears in
C:/Users/FANWEN~1/AppData/Local/Temp/qemu-conf-30934-11708-7053.c:11:1: warning: control reaches end of non-void function [-Wreturn-type]
gcc -m64 -D__USE_MINGW_ANSI_STDIO=1 -DWIN32_LEAN_AND_MEAN -DWINVER=0x501 -D_GNU_SOURCE -D_FILE_OFFSET_BITS=64 -D_LARGEFILE_SOURCE -Wstrict-prototypes -Wredundant-decls -Wall -Wundef -Wwrite-strings -Wmissing-prototypes -fno-strict-aliasing -I /e/mingwbuild/qemu-fvm-1.3.1/linux-headers -fstack-protector-all -Wendif-labels -Wmissing-include-dirs -Wempty-body -Wnested-externs -Wformat-security -Wformat-y2k -Winit-self -Wignored-qualifiers -Wold-style-declaration -Wold-style-definition -Wtype-limits -o /tmp/qemu-conf-23470-11708-27064.exe /tmp/qemu-conf-30934-11708-7053.c -m64 -g
C:/Users/FANWEN~1/AppData/Local/Temp/qemu-conf-30934-11708-7053.c:1:25: fatal error: sys/inotify.h: No such file or directory
compilation terminated.
gcc -m64 -D__USE_MINGW_ANSI_STDIO=1 -DWIN32_LEAN_AND_MEAN -DWINVER=0x501 -D_GNU_SOURCE -D_FILE_OFFSET_BITS=64 -D_LARGEFILE_SOURCE -Wstrict-prototypes -Wredundant-decls -Wall -Wundef -Wwrite-strings -Wmissing-prototypes -fno-strict-aliasing -I /e/mingwbuild/qemu-fvm-1.3.1/linux-headers -fstack-protector-all -Wendif-labels -Wmissing-include-dirs -Wempty-body -Wnested-externs -Wformat-security -Wformat-y2k -Winit-self -Wignored-qualifiers -Wold-style-declaration -Wold-style-definition -Wtype-limits -o /tmp/qemu-conf-23470-11708-27064.exe /tmp/qemu-conf-30934-11708-7053.c -m64 -g
C:/Users/FANWEN~1/AppData/Local/Temp/qemu-conf-30934-11708-7053.c:1:25: fatal error: sys/inotify.h: No such file or directory
compilation terminated.
gcc -m64 -D__USE_MINGW_ANSI_STDIO=1 -DWIN32_LEAN_AND_MEAN -DWINVER=0x501 -D_GNU_SOURCE -D_FILE_OFFSET_BITS=64 -D_LARGEFILE_SOURCE -Wstrict-prototypes -Wredundant-decls -Wall -Wundef -Wwrite-strings -Wmissing-prototypes -fno-strict-aliasing -I /e/mingwbuild/qemu-fvm-1.3.1/linux-headers -fstack-protector-all -Wendif-labels -Wmissing-include-dirs -Wempty-body -Wnested-externs -Wformat-security -Wformat-y2k -Winit-self -Wignored-qualifiers -Wold-style-declaration -Wold-style-definition -Wtype-limits -o /tmp/qemu-conf-23470-11708-27064.exe /tmp/qemu-conf-30934-11708-7053.c -m64 -g
C:/Users/FANWEN~1/AppData/Local/Temp/qemu-conf-30934-11708-7053.c: In function 'main':
C:/Users/FANWEN~1/AppData/Local/Temp/qemu-conf-30934-11708-7053.c:8:5: warning: implicit declaration of function 'utimensat' [-Wimplicit-function-declaration]
C:/Users/FANWEN~1/AppData/Local/Temp/qemu-conf-30934-11708-7053.c:8:5: warning: nested extern declaration of 'utimensat' [-Wnested-externs]
C:/Users/FANWEN~1/AppData/Local/Temp/qemu-conf-30934-11708-7053.c:8:15: error: 'AT_FDCWD' undeclared (first use in this function)
C:/Users/FANWEN~1/AppData/Local/Temp/qemu-conf-30934-11708-7053.c:8:15: note: each undeclared identifier is reported only once for each function it appears in
C:/Users/FANWEN~1/AppData/Local/Temp/qemu-conf-30934-11708-7053.c:9:5: warning: implicit declaration of function 'futimens' [-Wimplicit-function-declaration]
C:/Users/FANWEN~1/AppData/Local/Temp/qemu-conf-30934-11708-7053.c:9:5: warning: nested extern declaration of 'futimens' [-Wnested-externs]
gcc -m64 -D__USE_MINGW_ANSI_STDIO=1 -DWIN32_LEAN_AND_MEAN -DWINVER=0x501 -D_GNU_SOURCE -D_FILE_OFFSET_BITS=64 -D_LARGEFILE_SOURCE -Wstrict-prototypes -Wredundant-decls -Wall -Wundef -Wwrite-strings -Wmissing-prototypes -fno-strict-aliasing -I /e/mingwbuild/qemu-fvm-1.3.1/linux-headers -fstack-protector-all -Wendif-labels -Wmissing-include-dirs -Wempty-body -Wnested-externs -Wformat-security -Wformat-y2k -Winit-self -Wignored-qualifiers -Wold-style-declaration -Wold-style-definition -Wtype-limits -o /tmp/qemu-conf-23470-11708-27064.exe /tmp/qemu-conf-30934-11708-7053.c -m64 -g
C:/Users/FANWEN~1/AppData/Local/Temp/qemu-conf-30934-11708-7053.c: In function 'main':
C:/Users/FANWEN~1/AppData/Local/Temp/qemu-conf-30934-11708-7053.c:7:5: warning: implicit declaration of function 'pipe2' [-Wimplicit-function-declaration]
C:/Users/FANWEN~1/AppData/Local/Temp/qemu-conf-30934-11708-7053.c:7:5: warning: nested extern declaration of 'pipe2' [-Wnested-externs]
C:/Users/FANWEN~1/AppData/Local/Temp/qemu-conf-30934-11708-7053.c:7:26: error: 'O_CLOEXEC' undeclared (first use in this function)
C:/Users/FANWEN~1/AppData/Local/Temp/qemu-conf-30934-11708-7053.c:7:26: note: each undeclared identifier is reported only once for each function it appears in
C:/Users/FANWEN~1/AppData/Local/Temp/qemu-conf-30934-11708-7053.c:8:1: warning: control reaches end of non-void function [-Wreturn-type]
gcc -m64 -D__USE_MINGW_ANSI_STDIO=1 -DWIN32_LEAN_AND_MEAN -DWINVER=0x501 -D_GNU_SOURCE -D_FILE_OFFSET_BITS=64 -D_LARGEFILE_SOURCE -Wstrict-prototypes -Wredundant-decls -Wall -Wundef -Wwrite-strings -Wmissing-prototypes -fno-strict-aliasing -I /e/mingwbuild/qemu-fvm-1.3.1/linux-headers -fstack-protector-all -Wendif-labels -Wmissing-include-dirs -Wempty-body -Wnested-externs -Wformat-security -Wformat-y2k -Winit-self -Wignored-qualifiers -Wold-style-declaration -Wold-style-definition -Wtype-limits -o /tmp/qemu-conf-23470-11708-27064.exe /tmp/qemu-conf-30934-11708-7053.c -m64 -g
C:/Users/FANWEN~1/AppData/Local/Temp/qemu-conf-30934-11708-7053.c:1:24: fatal error: sys/socket.h: No such file or directory
compilation terminated.
gcc -m64 -D__USE_MINGW_ANSI_STDIO=1 -DWIN32_LEAN_AND_MEAN -DWINVER=0x501 -D_GNU_SOURCE -D_FILE_OFFSET_BITS=64 -D_LARGEFILE_SOURCE -Wstrict-prototypes -Wredundant-decls -Wall -Wundef -Wwrite-strings -Wmissing-prototypes -fno-strict-aliasing -I /e/mingwbuild/qemu-fvm-1.3.1/linux-headers -fstack-protector-all -Wendif-labels -Wmissing-include-dirs -Wempty-body -Wnested-externs -Wformat-security -Wformat-y2k -Winit-self -Wignored-qualifiers -Wold-style-declaration -Wold-style-definition -Wtype-limits -o /tmp/qemu-conf-23470-11708-27064.exe /tmp/qemu-conf-30934-11708-7053.c -m64 -g
C:/Users/FANWEN~1/AppData/Local/Temp/qemu-conf-30934-11708-7053.c: In function 'main':
C:/Users/FANWEN~1/AppData/Local/Temp/qemu-conf-30934-11708-7053.c:8:5: warning: implicit declaration of function 'tee' [-Wimplicit-function-declaration]
C:/Users/FANWEN~1/AppData/Local/Temp/qemu-conf-30934-11708-7053.c:8:5: warning: nested extern declaration of 'tee' [-Wnested-externs]
C:/Users/FANWEN~1/AppData/Local/Temp/qemu-conf-30934-11708-7053.c:8:53: error: 'SPLICE_F_NONBLOCK' undeclared (first use in this function)
C:/Users/FANWEN~1/AppData/Local/Temp/qemu-conf-30934-11708-7053.c:8:53: note: each undeclared identifier is reported only once for each function it appears in
C:/Users/FANWEN~1/AppData/Local/Temp/qemu-conf-30934-11708-7053.c:9:5: warning: implicit declaration of function 'splice' [-Wimplicit-function-declaration]
C:/Users/FANWEN~1/AppData/Local/Temp/qemu-conf-30934-11708-7053.c:9:5: warning: nested extern declaration of 'splice' [-Wnested-externs]
C:/Users/FANWEN~1/AppData/Local/Temp/qemu-conf-30934-11708-7053.c:9:47: error: 'SPLICE_F_MOVE' undeclared (first use in this function)
gcc -m64 -D__USE_MINGW_ANSI_STDIO=1 -DWIN32_LEAN_AND_MEAN -DWINVER=0x501 -D_GNU_SOURCE -D_FILE_OFFSET_BITS=64 -D_LARGEFILE_SOURCE -Wstrict-prototypes -Wredundant-decls -Wall -Wundef -Wwrite-strings -Wmissing-prototypes -fno-strict-aliasing -I /e/mingwbuild/qemu-fvm-1.3.1/linux-headers -fstack-protector-all -Wendif-labels -Wmissing-include-dirs -Wempty-body -Wnested-externs -Wformat-security -Wformat-y2k -Winit-self -Wignored-qualifiers -Wold-style-declaration -Wold-style-definition -Wtype-limits -o /tmp/qemu-conf-23470-11708-27064.exe /tmp/qemu-conf-30934-11708-7053.c -m64 -g
C:/Users/FANWEN~1/AppData/Local/Temp/qemu-conf-30934-11708-7053.c:2:25: fatal error: sys/syscall.h: No such file or directory
compilation terminated.
gcc -m64 -D__USE_MINGW_ANSI_STDIO=1 -DWIN32_LEAN_AND_MEAN -DWINVER=0x501 -D_GNU_SOURCE -D_FILE_OFFSET_BITS=64 -D_LARGEFILE_SOURCE -Wstrict-prototypes -Wredundant-decls -Wall -Wundef -Wwrite-strings -Wmissing-prototypes -fno-strict-aliasing -I /e/mingwbuild/qemu-fvm-1.3.1/linux-headers -fstack-protector-all -Wendif-labels -Wmissing-include-dirs -Wempty-body -Wnested-externs -Wformat-security -Wformat-y2k -Winit-self -Wignored-qualifiers -Wold-style-declaration -Wold-style-definition -Wtype-limits -o /tmp/qemu-conf-23470-11708-27064.exe /tmp/qemu-conf-30934-11708-7053.c -m64 -g
C:/Users/FANWEN~1/AppData/Local/Temp/qemu-conf-30934-11708-7053.c:1:25: fatal error: sys/eventfd.h: No such file or directory
compilation terminated.
gcc -m64 -D__USE_MINGW_ANSI_STDIO=1 -DWIN32_LEAN_AND_MEAN -DWINVER=0x501 -D_GNU_SOURCE -D_FILE_OFFSET_BITS=64 -D_LARGEFILE_SOURCE -Wstrict-prototypes -Wredundant-decls -Wall -Wundef -Wwrite-strings -Wmissing-prototypes -fno-strict-aliasing -I /e/mingwbuild/qemu-fvm-1.3.1/linux-headers -fstack-protector-all -Wendif-labels -Wmissing-include-dirs -Wempty-body -Wnested-externs -Wformat-security -Wformat-y2k -Winit-self -Wignored-qualifiers -Wold-style-declaration -Wold-style-definition -Wtype-limits -o /tmp/qemu-conf-23470-11708-27064.exe /tmp/qemu-conf-30934-11708-7053.c -m64 -g
C:/Users/FANWEN~1/AppData/Local/Temp/qemu-conf-30934-11708-7053.c: In function 'main':
C:/Users/FANWEN~1/AppData/Local/Temp/qemu-conf-30934-11708-7053.c:5:5: warning: implicit declaration of function 'fallocate' [-Wimplicit-function-declaration]
C:/Users/FANWEN~1/AppData/Local/Temp/qemu-conf-30934-11708-7053.c:5:5: warning: nested extern declaration of 'fallocate' [-Wnested-externs]
C:\Users\FANWEN~1\AppData\Local\Temp\ccKYEnQ4.o: In function `main':
C:/Users/FANWEN~1/AppData/Local/Temp/qemu-conf-30934-11708-7053.c:5: undefined reference to `fallocate'
collect2.exe: error: ld returned 1 exit status
gcc -m64 -D__USE_MINGW_ANSI_STDIO=1 -DWIN32_LEAN_AND_MEAN -DWINVER=0x501 -D_GNU_SOURCE -D_FILE_OFFSET_BITS=64 -D_LARGEFILE_SOURCE -Wstrict-prototypes -Wredundant-decls -Wall -Wundef -Wwrite-strings -Wmissing-prototypes -fno-strict-aliasing -I /e/mingwbuild/qemu-fvm-1.3.1/linux-headers -fstack-protector-all -Wendif-labels -Wmissing-include-dirs -Wempty-body -Wnested-externs -Wformat-security -Wformat-y2k -Winit-self -Wignored-qualifiers -Wold-style-declaration -Wold-style-definition -Wtype-limits -o /tmp/qemu-conf-23470-11708-27064.exe /tmp/qemu-conf-30934-11708-7053.c -m64 -g
C:/Users/FANWEN~1/AppData/Local/Temp/qemu-conf-30934-11708-7053.c: In function 'main':
C:/Users/FANWEN~1/AppData/Local/Temp/qemu-conf-30934-11708-7053.c:5:5: warning: implicit declaration of function 'sync_file_range' [-Wimplicit-function-declaration]
C:/Users/FANWEN~1/AppData/Local/Temp/qemu-conf-30934-11708-7053.c:5:5: warning: nested extern declaration of 'sync_file_range' [-Wnested-externs]
C:\Users\FANWEN~1\AppData\Local\Temp\ccUfreaj.o: In function `main':
C:/Users/FANWEN~1/AppData/Local/Temp/qemu-conf-30934-11708-7053.c:5: undefined reference to `sync_file_range'
collect2.exe: error: ld returned 1 exit status
gcc -m64 -D__USE_MINGW_ANSI_STDIO=1 -DWIN32_LEAN_AND_MEAN -DWINVER=0x501 -D_GNU_SOURCE -D_FILE_OFFSET_BITS=64 -D_LARGEFILE_SOURCE -Wstrict-prototypes -Wredundant-decls -Wall -Wundef -Wwrite-strings -Wmissing-prototypes -fno-strict-aliasing -I /e/mingwbuild/qemu-fvm-1.3.1/linux-headers -fstack-protector-all -Wendif-labels -Wmissing-include-dirs -Wempty-body -Wnested-externs -Wformat-security -Wformat-y2k -Winit-self -Wignored-qualifiers -Wold-style-declaration -Wold-style-definition -Wtype-limits -o /tmp/qemu-conf-23470-11708-27064.exe /tmp/qemu-conf-30934-11708-7053.c -m64 -g
C:/Users/FANWEN~1/AppData/Local/Temp/qemu-conf-30934-11708-7053.c:1:23: fatal error: sys/ioctl.h: No such file or directory
compilation terminated.
gcc -m64 -D__USE_MINGW_ANSI_STDIO=1 -DWIN32_LEAN_AND_MEAN -DWINVER=0x501 -D_GNU_SOURCE -D_FILE_OFFSET_BITS=64 -D_LARGEFILE_SOURCE -Wstrict-prototypes -Wredundant-decls -Wall -Wundef -Wwrite-strings -Wmissing-prototypes -fno-strict-aliasing -I /e/mingwbuild/qemu-fvm-1.3.1/linux-headers -fstack-protector-all -Wendif-labels -Wmissing-include-dirs -Wempty-body -Wnested-externs -Wformat-security -Wformat-y2k -Winit-self -Wignored-qualifiers -Wold-style-declaration -Wold-style-definition -Wtype-limits -o /tmp/qemu-conf-23470-11708-27064.exe /tmp/qemu-conf-30934-11708-7053.c -m64 -g
C:/Users/FANWEN~1/AppData/Local/Temp/qemu-conf-30934-11708-7053.c: In function 'main':
C:/Users/FANWEN~1/AppData/Local/Temp/qemu-conf-30934-11708-7053.c:5:5: warning: implicit declaration of function 'dup3' [-Wimplicit-function-declaration]
C:/Users/FANWEN~1/AppData/Local/Temp/qemu-conf-30934-11708-7053.c:5:5: warning: nested extern declaration of 'dup3' [-Wnested-externs]
C:\Users\FANWEN~1\AppData\Local\Temp\ccMcQhGm.o: In function `main':
C:/Users/FANWEN~1/AppData/Local/Temp/qemu-conf-30934-11708-7053.c:5: undefined reference to `dup3'
collect2.exe: error: ld returned 1 exit status
gcc -m64 -D__USE_MINGW_ANSI_STDIO=1 -DWIN32_LEAN_AND_MEAN -DWINVER=0x501 -D_GNU_SOURCE -D_FILE_OFFSET_BITS=64 -D_LARGEFILE_SOURCE -Wstrict-prototypes -Wredundant-decls -Wall -Wundef -Wwrite-strings -Wmissing-prototypes -fno-strict-aliasing -I /e/mingwbuild/qemu-fvm-1.3.1/linux-headers -fstack-protector-all -Wendif-labels -Wmissing-include-dirs -Wempty-body -Wnested-externs -Wformat-security -Wformat-y2k -Winit-self -Wignored-qualifiers -Wold-style-declaration -Wold-style-definition -Wtype-limits -o /tmp/qemu-conf-23470-11708-27064.exe /tmp/qemu-conf-30934-11708-7053.c -m64 -g
C:/Users/FANWEN~1/AppData/Local/Temp/qemu-conf-30934-11708-7053.c:1:23: fatal error: sys/epoll.h: No such file or directory
compilation terminated.
gcc -m64 -D__USE_MINGW_ANSI_STDIO=1 -DWIN32_LEAN_AND_MEAN -DWINVER=0x501 -D_GNU_SOURCE -D_FILE_OFFSET_BITS=64 -D_LARGEFILE_SOURCE -Wstrict-prototypes -Wredundant-decls -Wall -Wundef -Wwrite-strings -Wmissing-prototypes -fno-strict-aliasing -I /e/mingwbuild/qemu-fvm-1.3.1/linux-headers -fstack-protector-all -Wendif-labels -Wmissing-include-dirs -Wempty-body -Wnested-externs -Wformat-security -Wformat-y2k -Winit-self -Wignored-qualifiers -Wold-style-declaration -Wold-style-definition -Wtype-limits -o /tmp/qemu-conf-23470-11708-27064.exe /tmp/qemu-conf-30934-11708-7053.c -m64 -g
C:/Users/FANWEN~1/AppData/Local/Temp/qemu-conf-30934-11708-7053.c:1:23: fatal error: sys/epoll.h: No such file or directory
compilation terminated.
gcc -m64 -D__USE_MINGW_ANSI_STDIO=1 -DWIN32_LEAN_AND_MEAN -DWINVER=0x501 -D_GNU_SOURCE -D_FILE_OFFSET_BITS=64 -D_LARGEFILE_SOURCE -Wstrict-prototypes -Wredundant-decls -Wall -Wundef -Wwrite-strings -Wmissing-prototypes -fno-strict-aliasing -I /e/mingwbuild/qemu-fvm-1.3.1/linux-headers -fstack-protector-all -Wendif-labels -Wmissing-include-dirs -Wempty-body -Wnested-externs -Wformat-security -Wformat-y2k -Winit-self -Wignored-qualifiers -Wold-style-declaration -Wold-style-definition -Wtype-limits -o /tmp/qemu-conf-23470-11708-27064.exe /tmp/qemu-conf-30934-11708-7053.c -m64 -g
C:/Users/FANWEN~1/AppData/Local/Temp/qemu-conf-30934-11708-7053.c:1:23: fatal error: sys/epoll.h: No such file or directory
compilation terminated.
gcc -m64 -D__USE_MINGW_ANSI_STDIO=1 -DWIN32_LEAN_AND_MEAN -DWINVER=0x501 -D_GNU_SOURCE -D_FILE_OFFSET_BITS=64 -D_LARGEFILE_SOURCE -Wstrict-prototypes -Wredundant-decls -Wall -Wundef -Wwrite-strings -Wmissing-prototypes -fno-strict-aliasing -I /e/mingwbuild/qemu-fvm-1.3.1/linux-headers -fstack-protector-all -Wendif-labels -Wmissing-include-dirs -Wempty-body -Wnested-externs -Wformat-security -Wformat-y2k -Winit-self -Wignored-qualifiers -Wold-style-declaration -Wold-style-definition -Wtype-limits -o /tmp/qemu-conf-23470-11708-27064.exe /tmp/qemu-conf-30934-11708-7053.c -m64 -g
C:/Users/FANWEN~1/AppData/Local/Temp/qemu-conf-30934-11708-7053.c:1:22: fatal error: byteswap.h: No such file or directory
compilation terminated.
gcc -m64 -D__USE_MINGW_ANSI_STDIO=1 -DWIN32_LEAN_AND_MEAN -DWINVER=0x501 -D_GNU_SOURCE -D_FILE_OFFSET_BITS=64 -D_LARGEFILE_SOURCE -Wstrict-prototypes -Wredundant-decls -Wall -Wundef -Wwrite-strings -Wmissing-prototypes -fno-strict-aliasing -I /e/mingwbuild/qemu-fvm-1.3.1/linux-headers -fstack-protector-all -Wendif-labels -Wmissing-include-dirs -Wempty-body -Wnested-externs -Wformat-security -Wformat-y2k -Winit-self -Wignored-qualifiers -Wold-style-declaration -Wold-style-definition -Wtype-limits -o /tmp/qemu-conf-23470-11708-27064.exe /tmp/qemu-conf-30934-11708-7053.c -m64 -g
C:/Users/FANWEN~1/AppData/Local/Temp/qemu-conf-30934-11708-7053.c:1:24: fatal error: sys/endian.h: No such file or directory
compilation terminated.
gcc -m64 -D__USE_MINGW_ANSI_STDIO=1 -DWIN32_LEAN_AND_MEAN -DWINVER=0x501 -D_GNU_SOURCE -D_FILE_OFFSET_BITS=64 -D_LARGEFILE_SOURCE -Wstrict-prototypes -Wredundant-decls -Wall -Wundef -Wwrite-strings -Wmissing-prototypes -fno-strict-aliasing -I /e/mingwbuild/qemu-fvm-1.3.1/linux-headers -fstack-protector-all -Wendif-labels -Wmissing-include-dirs -Wempty-body -Wnested-externs -Wformat-security -Wformat-y2k -Winit-self -Wignored-qualifiers -Wold-style-declaration -Wold-style-definition -Wtype-limits -o /tmp/qemu-conf-23470-11708-27064.exe /tmp/qemu-conf-30934-11708-7053.c -m64 -g -liscsi
C:/Users/FANWEN~1/AppData/Local/Temp/qemu-conf-30934-11708-7053.c:2:25: fatal error: iscsi/iscsi.h: No such file or directory
compilation terminated.
gcc -m64 -D__USE_MINGW_ANSI_STDIO=1 -DWIN32_LEAN_AND_MEAN -DWINVER=0x501 -D_GNU_SOURCE -D_FILE_OFFSET_BITS=64 -D_LARGEFILE_SOURCE -Wstrict-prototypes -Wredundant-decls -Wall -Wundef -Wwrite-strings -Wmissing-prototypes -fno-strict-aliasing -I /e/mingwbuild/qemu-fvm-1.3.1/linux-headers -fstack-protector-all -Wendif-labels -Wmissing-include-dirs -Wempty-body -Wnested-externs -Wformat-security -Wformat-y2k -Winit-self -Wignored-qualifiers -Wold-style-declaration -Wold-style-definition -Wtype-limits -o /tmp/qemu-conf-23470-11708-27064.exe /tmp/qemu-conf-30934-11708-7053.c -m64 -g
gcc -m64 -D__USE_MINGW_ANSI_STDIO=1 -DWIN32_LEAN_AND_MEAN -DWINVER=0x501 -D_GNU_SOURCE -D_FILE_OFFSET_BITS=64 -D_LARGEFILE_SOURCE -Wstrict-prototypes -Wredundant-decls -Wall -Wundef -Wwrite-strings -Wmissing-prototypes -fno-strict-aliasing -I /e/mingwbuild/qemu-fvm-1.3.1/linux-headers -fstack-protector-all -Wendif-labels -Wmissing-include-dirs -Wempty-body -Wnested-externs -Wformat-security -Wformat-y2k -Winit-self -Wignored-qualifiers -Wold-style-declaration -Wold-style-definition -Wtype-limits -o /tmp/qemu-conf-23470-11708-27064.exe /tmp/qemu-conf-30934-11708-7053.c -m64 -g
C:/Users/FANWEN~1/AppData/Local/Temp/qemu-conf-30934-11708-7053.c: In function 'main':
C:/Users/FANWEN~1/AppData/Local/Temp/qemu-conf-30934-11708-7053.c:4:3: warning: implicit declaration of function 'timer_create' [-Wimplicit-function-declaration]
C:/Users/FANWEN~1/AppData/Local/Temp/qemu-conf-30934-11708-7053.c:4:3: warning: nested extern declaration of 'timer_create' [-Wnested-externs]
C:/Users/FANWEN~1/AppData/Local/Temp/qemu-conf-30934-11708-7053.c:4:16: error: 'CLOCK_REALTIME' undeclared (first use in this function)
C:/Users/FANWEN~1/AppData/Local/Temp/qemu-conf-30934-11708-7053.c:4:16: note: each undeclared identifier is reported only once for each function it appears in
C:/Users/FANWEN~1/AppData/Local/Temp/qemu-conf-30934-11708-7053.c:5:3: warning: implicit declaration of function 'clock_gettime' [-Wimplicit-function-declaration]
C:/Users/FANWEN~1/AppData/Local/Temp/qemu-conf-30934-11708-7053.c:5:3: warning: nested extern declaration of 'clock_gettime' [-Wnested-externs]
C:/Users/FANWEN~1/AppData/Local/Temp/qemu-conf-30934-11708-7053.c:6:1: warning: control reaches end of non-void function [-Wreturn-type]
gcc -m64 -D__USE_MINGW_ANSI_STDIO=1 -DWIN32_LEAN_AND_MEAN -DWINVER=0x501 -D_GNU_SOURCE -D_FILE_OFFSET_BITS=64 -D_LARGEFILE_SOURCE -Wstrict-prototypes -Wredundant-decls -Wall -Wundef -Wwrite-strings -Wmissing-prototypes -fno-strict-aliasing -I /e/mingwbuild/qemu-fvm-1.3.1/linux-headers -fstack-protector-all -Wendif-labels -Wmissing-include-dirs -Wempty-body -Wnested-externs -Wformat-security -Wformat-y2k -Winit-self -Wignored-qualifiers -Wold-style-declaration -Wold-style-definition -Wtype-limits -o /tmp/qemu-conf-23470-11708-27064.exe /tmp/qemu-conf-30934-11708-7053.c -m64 -g -lrt -pthread
C:/Users/FANWEN~1/AppData/Local/Temp/qemu-conf-30934-11708-7053.c: In function 'main':
C:/Users/FANWEN~1/AppData/Local/Temp/qemu-conf-30934-11708-7053.c:4:3: warning: implicit declaration of function 'timer_create' [-Wimplicit-function-declaration]
C:/Users/FANWEN~1/AppData/Local/Temp/qemu-conf-30934-11708-7053.c:4:3: warning: nested extern declaration of 'timer_create' [-Wnested-externs]
C:/Users/FANWEN~1/AppData/Local/Temp/qemu-conf-30934-11708-7053.c:4:16: error: 'CLOCK_REALTIME' undeclared (first use in this function)
C:/Users/FANWEN~1/AppData/Local/Temp/qemu-conf-30934-11708-7053.c:4:16: note: each undeclared identifier is reported only once for each function it appears in
C:/Users/FANWEN~1/AppData/Local/Temp/qemu-conf-30934-11708-7053.c:5:3: warning: implicit declaration of function 'clock_gettime' [-Wimplicit-function-declaration]
C:/Users/FANWEN~1/AppData/Local/Temp/qemu-conf-30934-11708-7053.c:5:3: warning: nested extern declaration of 'clock_gettime' [-Wnested-externs]
C:/Users/FANWEN~1/AppData/Local/Temp/qemu-conf-30934-11708-7053.c:6:1: warning: control reaches end of non-void function [-Wreturn-type]
gcc -m64 -D__USE_MINGW_ANSI_STDIO=1 -DWIN32_LEAN_AND_MEAN -DWINVER=0x501 -D_GNU_SOURCE -D_FILE_OFFSET_BITS=64 -D_LARGEFILE_SOURCE -Wstrict-prototypes -Wredundant-decls -Wall -Wundef -Wwrite-strings -Wmissing-prototypes -fno-strict-aliasing -I /e/mingwbuild/qemu-fvm-1.3.1/linux-headers -fstack-protector-all -Wendif-labels -Wmissing-include-dirs -Wempty-body -Wnested-externs -Wformat-security -Wformat-y2k -Winit-self -Wignored-qualifiers -Wold-style-declaration -Wold-style-definition -Wtype-limits -mms-bitfields -ID:/mingw64/include/glib-2.0 -ID:/mingw64/lib/glib-2.0/include -o /tmp/qemu-conf-23470-11708-27064.exe /tmp/qemu-conf-30934-11708-7053.c -m64 -g -LD:/mingw64/lib -lgthread-2.0 -lglib-2.0 -lintl
In file included from C:/Users/FANWEN~1/AppData/Local/Temp/qemu-conf-30934-11708-7053.c:1:0:
d:\mingw64\bin\../lib/gcc/x86_64-w64-mingw32/4.7.0/../../../../x86_64-w64-mingw32/include/pk11pub.h:6:21: fatal error: plarena.h: No such file or directory
compilation terminated.
gcc -m64 -D__USE_MINGW_ANSI_STDIO=1 -DWIN32_LEAN_AND_MEAN -DWINVER=0x501 -D_GNU_SOURCE -D_FILE_OFFSET_BITS=64 -D_LARGEFILE_SOURCE -Wstrict-prototypes -Wredundant-decls -Wall -Wundef -Wwrite-strings -Wmissing-prototypes -fno-strict-aliasing -I /e/mingwbuild/qemu-fvm-1.3.1/linux-headers -fstack-protector-all -Wendif-labels -Wmissing-include-dirs -Wempty-body -Wnested-externs -Wformat-security -Wformat-y2k -Winit-self -Wignored-qualifiers -Wold-style-declaration -Wold-style-definition -Wtype-limits -o /tmp/qemu-conf-23470-11708-27064.exe /tmp/qemu-conf-30934-11708-7053.c -m64 -g
C:/Users/FANWEN~1/AppData/Local/Temp/qemu-conf-30934-11708-7053.c: In function 'main':
C:/Users/FANWEN~1/AppData/Local/Temp/qemu-conf-30934-11708-7053.c:6:2: error: #error Not supported
C:/Users/FANWEN~1/AppData/Local/Temp/qemu-conf-30934-11708-7053.c:8:1: warning: control reaches end of non-void function [-Wreturn-type]
gcc -m64 -D__USE_MINGW_ANSI_STDIO=1 -DWIN32_LEAN_AND_MEAN -DWINVER=0x501 -D_GNU_SOURCE -D_FILE_OFFSET_BITS=64 -D_LARGEFILE_SOURCE -Wstrict-prototypes -Wredundant-decls -Wall -Wundef -Wwrite-strings -Wmissing-prototypes -fno-strict-aliasing -I /e/mingwbuild/qemu-fvm-1.3.1/linux-headers -fstack-protector-all -Wendif-labels -Wmissing-include-dirs -Wempty-body -Wnested-externs -Wformat-security -Wformat-y2k -Winit-self -Wignored-qualifiers -Wold-style-declaration -Wold-style-definition -Wtype-limits -o /tmp/qemu-conf-23470-11708-27064.exe /tmp/qemu-conf-30934-11708-7053.c -m64 -g
C:/Users/FANWEN~1/AppData/Local/Temp/qemu-conf-30934-11708-7053.c:2:22: fatal error: sys/mman.h: No such file or directory
compilation terminated.
gcc -m64 -D__USE_MINGW_ANSI_STDIO=1 -DWIN32_LEAN_AND_MEAN -DWINVER=0x501 -D_GNU_SOURCE -D_FILE_OFFSET_BITS=64 -D_LARGEFILE_SOURCE -Wstrict-prototypes -Wredundant-decls -Wall -Wundef -Wwrite-strings -Wmissing-prototypes -fno-strict-aliasing -I /e/mingwbuild/qemu-fvm-1.3.1/linux-headers -fstack-protector-all -Wendif-labels -Wmissing-include-dirs -Wempty-body -Wnested-externs -Wformat-security -Wformat-y2k -Winit-self -Wignored-qualifiers -Wold-style-declaration -Wold-style-definition -Wtype-limits -o /tmp/qemu-conf-23470-11708-27064.exe /tmp/qemu-conf-30934-11708-7053.c -m64 -g
C:/Users/FANWEN~1/AppData/Local/Temp/qemu-conf-30934-11708-7053.c:1:22: fatal error: sys/mman.h: No such file or directory
compilation terminated.
gcc -m64 -D__USE_MINGW_ANSI_STDIO=1 -DWIN32_LEAN_AND_MEAN -DWINVER=0x501 -D_GNU_SOURCE -D_FILE_OFFSET_BITS=64 -D_LARGEFILE_SOURCE -Wstrict-prototypes -Wredundant-decls -Wall -Wundef -Wwrite-strings -Wmissing-prototypes -fno-strict-aliasing -I /e/mingwbuild/qemu-fvm-1.3.1/linux-headers -fstack-protector-all -Wendif-labels -Wmissing-include-dirs -Wempty-body -Wnested-externs -Wformat-security -Wformat-y2k -Winit-self -Wignored-qualifiers -Wold-style-declaration -Wold-style-definition -Wtype-limits -o /tmp/qemu-conf-23470-11708-27064.exe /tmp/qemu-conf-30934-11708-7053.c -m64 -g
C:/Users/FANWEN~1/AppData/Local/Temp/qemu-conf-30934-11708-7053.c: In function 'main':
C:/Users/FANWEN~1/AppData/Local/Temp/qemu-conf-30934-11708-7053.c:3:19: error: storage size of 'ev' isn't known
C:/Users/FANWEN~1/AppData/Local/Temp/qemu-conf-30934-11708-7053.c:4:21: error: 'SIGEV_THREAD_ID' undeclared (first use in this function)
C:/Users/FANWEN~1/AppData/Local/Temp/qemu-conf-30934-11708-7053.c:4:21: note: each undeclared identifier is reported only once for each function it appears in
C:/Users/FANWEN~1/AppData/Local/Temp/qemu-conf-30934-11708-7053.c:3:19: warning: unused variable 'ev' [-Wunused-variable]
gcc -m64 -D__USE_MINGW_ANSI_STDIO=1 -DWIN32_LEAN_AND_MEAN -DWINVER=0x501 -D_GNU_SOURCE -D_FILE_OFFSET_BITS=64 -D_LARGEFILE_SOURCE -Wstrict-prototypes -Wredundant-decls -Wall -Wundef -Wwrite-strings -Wmissing-prototypes -fno-strict-aliasing -I /e/mingwbuild/qemu-fvm-1.3.1/linux-headers -fstack-protector-all -Wendif-labels -Wmissing-include-dirs -Wempty-body -Wnested-externs -Wformat-security -Wformat-y2k -Winit-self -Wignored-qualifiers -Wold-style-declaration -Wold-style-definition -Wtype-limits -o /tmp/qemu-conf-23470-11708-27064.exe /tmp/qemu-conf-30934-11708-7053.c -m64 -g
C:/Users/FANWEN~1/AppData/Local/Temp/qemu-conf-30934-11708-7053.c:1:22: fatal error: ucontext.h: No such file or directory
compilation terminated.
gcc -m64 -D__USE_MINGW_ANSI_STDIO=1 -DWIN32_LEAN_AND_MEAN -DWINVER=0x501 -D_GNU_SOURCE -D_FILE_OFFSET_BITS=64 -D_LARGEFILE_SOURCE -Wstrict-prototypes -Wredundant-decls -Wall -Wundef -Wwrite-strings -Wmissing-prototypes -fno-strict-aliasing -I /e/mingwbuild/qemu-fvm-1.3.1/linux-headers -fstack-protector-all -Wendif-labels -Wmissing-include-dirs -Wempty-body -Wnested-externs -Wformat-security -Wformat-y2k -Winit-self -Wignored-qualifiers -Wold-style-declaration -Wold-style-definition -Wtype-limits -o /tmp/qemu-conf-23470-11708-27064.exe /tmp/qemu-conf-30934-11708-7053.c -m64 -g
C:/Users/FANWEN~1/AppData/Local/Temp/qemu-conf-30934-11708-7053.c:3:3: error: #error missing definition
gcc -m64 -D__USE_MINGW_ANSI_STDIO=1 -DWIN32_LEAN_AND_MEAN -DWINVER=0x501 -D_GNU_SOURCE -D_FILE_OFFSET_BITS=64 -D_LARGEFILE_SOURCE -Wstrict-prototypes -Wredundant-decls -Wall -Wundef -Wwrite-strings -Wmissing-prototypes -fno-strict-aliasing -I /e/mingwbuild/qemu-fvm-1.3.1/linux-headers -fstack-protector-all -Wendif-labels -Wmissing-include-dirs -Wempty-body -Wnested-externs -Wformat-security -Wformat-y2k -Winit-self -Wignored-qualifiers -Wold-style-declaration -Wold-style-definition -Wtype-limits -o /tmp/qemu-conf-23470-11708-27064.exe /tmp/qemu-conf-30934-11708-7053.c -m64 -g
C:/Users/FANWEN~1/AppData/Local/Temp/qemu-conf-30934-11708-7053.c:1:25: fatal error: linux/magic.h: No such file or directory
compilation terminated.
gcc -m64 -D__USE_MINGW_ANSI_STDIO=1 -DWIN32_LEAN_AND_MEAN -DWINVER=0x501 -D_GNU_SOURCE -D_FILE_OFFSET_BITS=64 -D_LARGEFILE_SOURCE -Wstrict-prototypes -Wredundant-decls -Wall -Wundef -Wwrite-strings -Wmissing-prototypes -fno-strict-aliasing -I /e/mingwbuild/qemu-fvm-1.3.1/linux-headers -fstack-protector-all -Wendif-labels -Wmissing-include-dirs -Wempty-body -Wnested-externs -Wformat-security -Wformat-y2k -Winit-self -Wignored-qualifiers -Wold-style-declaration -Wold-style-definition -Wtype-limits -Werror -o /tmp/qemu-conf-23470-11708-27064.exe /tmp/qemu-conf-30934-11708-7053.c -m64 -g
gcc -m64 -D__USE_MINGW_ANSI_STDIO=1 -DWIN32_LEAN_AND_MEAN -DWINVER=0x501 -D_GNU_SOURCE -D_FILE_OFFSET_BITS=64 -D_LARGEFILE_SOURCE -Wstrict-prototypes -Wredundant-decls -Wall -Wundef -Wwrite-strings -Wmissing-prototypes -fno-strict-aliasing -I /e/mingwbuild/qemu-fvm-1.3.1/linux-headers -fstack-protector-all -Wendif-labels -Wmissing-include-dirs -Wempty-body -Wnested-externs -Wformat-security -Wformat-y2k -Winit-self -Wignored-qualifiers -Wold-style-declaration -Wold-style-definition -Wtype-limits -o /tmp/qemu-conf-23470-11708-27064.exe /tmp/qemu-conf-30934-11708-7053.c -m64 -g
C:/Users/FANWEN~1/AppData/Local/Temp/qemu-conf-30934-11708-7053.c:1:31: fatal error: valgrind/valgrind.h: No such file or directory
compilation terminated.
gcc -m64 -D__USE_MINGW_ANSI_STDIO=1 -DWIN32_LEAN_AND_MEAN -DWINVER=0x501 -D_GNU_SOURCE -D_FILE_OFFSET_BITS=64 -D_LARGEFILE_SOURCE -Wstrict-prototypes -Wredundant-decls -Wall -Wundef -Wwrite-strings -Wmissing-prototypes -fno-strict-aliasing -I /e/mingwbuild/qemu-fvm-1.3.1/linux-headers -fstack-protector-all -Wendif-labels -Wmissing-include-dirs -Wempty-body -Wnested-externs -Wformat-security -Wformat-y2k -Winit-self -Wignored-qualifiers -Wold-style-declaration -Wold-style-definition -Wtype-limits -o /tmp/qemu-conf-23470-11708-27064.exe /tmp/qemu-conf-30934-11708-7053.c -m64 -g
C:/Users/FANWEN~1/AppData/Local/Temp/qemu-conf-30934-11708-7053.c: In function 'main':
C:/Users/FANWEN~1/AppData/Local/Temp/qemu-conf-30934-11708-7053.c:3:5: error: 'environ' undeclared (first use in this function)
C:/Users/FANWEN~1/AppData/Local/Temp/qemu-conf-30934-11708-7053.c:3:5: note: each undeclared identifier is reported only once for each function it appears in
