This file contains any messages produced by compilers while
running configure, to aid debugging if configure makes a mistake.

It was created by pixman configure 0.18.4, which was
generated by GNU Autoconf 2.65.  Invocation command line was

  $ /e/mingwbuild/qemu-1.4.0/pixman/configure --disable-gtk --disable-shared --enable-static

## --------- ##
## Platform. ##
## --------- ##

hostname = Fw1-PC
uname -m = i686
uname -r = 1.0.17(0.48/3/2)
uname -s = MINGW32_NT-6.1
uname -v = 2011-04-24 23:39

/usr/bin/uname -p = unknown
/bin/uname -X     = unknown

/bin/arch              = unknown
/usr/bin/arch -k       = unknown
/usr/convex/getsysinfo = unknown
/usr/bin/hostinfo      = unknown
/bin/machine           = unknown
/usr/bin/oslevel       = unknown
/bin/universe          = unknown

PATH: .
PATH: /usr/local/bin
PATH: /mingw/bin
PATH: /bin
PATH: /c/Program Files (x86)/NVIDIA Corporation/PhysX/Common
PATH: /c/Program Files/Common Files/Microsoft Shared/Windows Live
PATH: /c/Windows/system32
PATH: /c/Windows
PATH: /c/Windows/System32/Wbem
PATH: /c/Windows/System32/WindowsPowerShell/v1.0/
PATH: /c/Program Files (x86)/Common Files/Thunder Network/KanKan/Codecs
PATH: /c/Program Files (x86)/Microsoft SQL Server/100/Tools/Binn/
PATH: /c/Program Files/Microsoft SQL Server/100/Tools/Binn/
PATH: /c/Program Files/Microsoft SQL Server/100/DTS/Binn/
PATH: /c/Program Files (x86)/Microsoft SQL Server/100/Tools/Binn/VSShell/Common7/IDE/
PATH: /c/Program Files (x86)/Microsoft SQL Server/100/DTS/Binn/
PATH: /c/Program Files/TortoiseSVN/bin
PATH: /c/Program Files (x86)/Subversion/bin
PATH: /mingw/bin
PATH: /c/Program Files (x86)/IDM Computer Solutions/UltraEdit/


## ----------- ##
## Core tests. ##
## ----------- ##

configure:2394: checking for a BSD-compatible install
configure:2462: result: /bin/install -c
configure:2473: checking whether build environment is sane
configure:2523: result: yes
configure:2664: checking for a thread-safe mkdir -p
configure:2703: result: /bin/mkdir -p
configure:2716: checking for gawk
configure:2732: found /bin/gawk
configure:2743: result: gawk
configure:2754: checking whether make sets $(MAKE)
configure:2776: result: yes
configure:2878: checking build system type
configure:2892: result: i686-pc-mingw32
configure:2912: checking host system type
configure:2925: result: i686-pc-mingw32
configure:2996: checking for gcc
configure:3012: found /mingw/bin/gcc
configure:3023: result: gcc
configure:3252: checking for C compiler version
configure:3261: gcc --version >&5
gcc.exe (GCC) 4.7.0
Copyright (C) 2012 Free Software Foundation, Inc.
This is free software; see the source for copying conditions.  There is NO
warranty; not even for MERCHANTABILITY or FITNESS FOR A PARTICULAR PURPOSE.

configure:3272: $? = 0
configure:3261: gcc -v >&5
Using built-in specs.
COLLECT_GCC=F:\mingw64\bin\gcc.exe
COLLECT_LTO_WRAPPER=f:/mingw64/bin/../libexec/gcc/x86_64-w64-mingw32/4.7.0/lto-wrapper.exe
Target: x86_64-w64-mingw32
Configured with: ../gcc-4.7.0/configure --build=x86_64-w64-mingw32 --enable-targets=all --disable-multilib --enable-64bit --prefix=/mingw64 --with-sysroot=/mingw64 --disable-shared --enable-static --disable-nls --enable-version-specific-runtime-libs --disable-win32-registry --without-dwarf2 --enable-sjlj-exceptions --enable-fully-dynamic-string --enable-languages=c,ada,lto,c++,objc,obj-c++,fortran --enable-libgomp --enable-lto --enable-libssp -enable-gnattools --disable-bootstrap --with-gcc --with-gnu-as --with-gnu-ld --with-stabs --enable-interwork --with-mpfr-include=/home/beta/gcc-build/../gcc-4.7.0/mpfr/src --with-mpfr-lib=/home/beta/gcc-build/mpfr/src/.libs
Thread model: win32
gcc version 4.7.0 (GCC) 
configure:3272: $? = 0
configure:3261: gcc -V >&5
gcc.exe: error: unrecognized command line option '-V'
gcc.exe: fatal error: no input files
compilation terminated.
configure:3272: $? = 1
configure:3261: gcc -qversion >&5
gcc.exe: error: unrecognized command line option '-qversion'
gcc.exe: fatal error: no input files
compilation terminated.
configure:3272: $? = 1
configure:3292: checking whether the C compiler works
configure:3314: gcc -O2 -D_FORTIFY_SOURCE=2 -g  -fPIC     conftest.c  >&5
conftest.c:1:0: warning: -fPIC ignored for target (all code is position independent) [enabled by default]
configure:3318: $? = 0
configure:3367: result: yes
configure:3370: checking for C compiler default output file name
configure:3372: result: a.exe
configure:3378: checking for suffix of executables
configure:3385: gcc -o conftest.exe -O2 -D_FORTIFY_SOURCE=2 -g  -fPIC     conftest.c  >&5
conftest.c:1:0: warning: -fPIC ignored for target (all code is position independent) [enabled by default]
configure:3389: $? = 0
configure:3411: result: .exe
configure:3433: checking whether we are cross compiling
configure:3441: gcc -o conftest.exe -O2 -D_FORTIFY_SOURCE=2 -g  -fPIC     conftest.c  >&5
conftest.c:1:0: warning: -fPIC ignored for target (all code is position independent) [enabled by default]
configure:3445: $? = 0
configure:3452: ./conftest.exe
configure:3456: $? = 0
configure:3471: result: no
configure:3476: checking for suffix of object files
configure:3498: gcc -c -O2 -D_FORTIFY_SOURCE=2 -g  -fPIC    conftest.c >&5
conftest.c:1:0: warning: -fPIC ignored for target (all code is position independent) [enabled by default]
configure:3502: $? = 0
configure:3523: result: o
configure:3527: checking whether we are using the GNU C compiler
configure:3546: gcc -c -O2 -D_FORTIFY_SOURCE=2 -g  -fPIC    conftest.c >&5
conftest.c:1:0: warning: -fPIC ignored for target (all code is position independent) [enabled by default]
configure:3546: $? = 0
configure:3555: result: yes
configure:3564: checking whether gcc accepts -g
configure:3584: gcc -c -g  conftest.c >&5
configure:3584: $? = 0
configure:3625: result: yes
configure:3642: checking for gcc option to accept ISO C89
configure:3706: gcc  -c -O2 -D_FORTIFY_SOURCE=2 -g  -fPIC    conftest.c >&5
conftest.c:1:0: warning: -fPIC ignored for target (all code is position independent) [enabled by default]
configure:3706: $? = 0
configure:3719: result: none needed
configure:3750: checking for style of include used by make
configure:3778: result: GNU
configure:3803: checking dependency style of gcc
configure:3913: result: gcc3
configure:3937: checking dependency style of gcc
configure:4045: result: gcc3
configure:4106: checking how to print strings
configure:4133: result: printf
configure:4154: checking for a sed that does not truncate output
configure:4218: result: /bin/sed
configure:4236: checking for grep that handles long lines and -e
configure:4294: result: /bin/grep
configure:4299: checking for egrep
configure:4361: result: /bin/grep -E
configure:4366: checking for fgrep
configure:4428: result: /bin/grep -F
configure:4463: checking for ld used by gcc
configure:4530: result: f:/mingw64/x86_64-w64-mingw32/bin/ld.exe
configure:4537: checking if the linker (f:/mingw64/x86_64-w64-mingw32/bin/ld.exe) is GNU ld
configure:4552: result: yes
configure:4564: checking for BSD- or MS-compatible name lister (nm)
configure:4613: result: /mingw/bin/nm
configure:4743: checking the name lister (/mingw/bin/nm) interface
configure:4750: gcc -c -O2 -D_FORTIFY_SOURCE=2 -g  -fPIC    conftest.c >&5
conftest.c:1:0: warning: -fPIC ignored for target (all code is position independent) [enabled by default]
configure:4753: /mingw/bin/nm "conftest.o"
configure:4756: output
0000000000000000 b .bss
0000000000000000 d .data
0000000000000000 N .debug_abbrev
0000000000000000 N .debug_aranges
0000000000000000 N .debug_info
0000000000000000 N .debug_line
0000000000000000 t .text
0000000000000000 B some_variable
configure:4763: result: BSD nm
configure:4766: checking whether ln -s works
configure:4773: result: no, using cp -p
configure:4778: checking the maximum length of command line arguments
configure:4903: result: 8192
configure:4920: checking whether the shell understands some XSI constructs
configure:4930: result: yes
configure:4934: checking whether the shell understands "+="
configure:4940: result: yes
configure:4975: checking how to convert i686-pc-mingw32 file names to i686-pc-mingw32 format
configure:5015: result: func_convert_file_msys_to_w32
configure:5022: checking how to convert i686-pc-mingw32 file names to toolchain format
configure:5042: result: func_convert_file_msys_to_w32
configure:5049: checking for f:/mingw64/x86_64-w64-mingw32/bin/ld.exe option to reload object files
configure:5056: result: -r
configure:5130: checking for objdump
configure:5146: found /mingw/bin/objdump
configure:5157: result: objdump
configure:5189: checking how to recognize dependent libraries
configure:5391: result: file_magic ^x86 archive import|^x86 DLL
configure:5476: checking for dlltool
configure:5492: found /mingw/bin/dlltool
configure:5503: result: dlltool
configure:5536: checking how to associate runtime and link libraries
configure:5563: result: func_cygming_dll_for_implib
configure:5624: checking for ar
configure:5640: found /mingw/bin/ar
configure:5651: result: ar
configure:5688: checking for archiver @FILE support
configure:5705: gcc -c -O2 -D_FORTIFY_SOURCE=2 -g  -fPIC    conftest.c >&5
conftest.c:1:0: warning: -fPIC ignored for target (all code is position independent) [enabled by default]
configure:5705: $? = 0
configure:5708: ar cru libconftest.a @conftest.lst >&5
configure:5711: $? = 0
configure:5716: ar cru libconftest.a @conftest.lst >&5
F:\mingw64\bin\ar.exe: conftest.o: No such file or directory
configure:5719: $? = 1
configure:5731: result: @
configure:5789: checking for strip
configure:5805: found /mingw/bin/strip
configure:5816: result: strip
configure:5888: checking for ranlib
configure:5904: found /mingw/bin/ranlib
configure:5915: result: ranlib
configure:6017: checking command to parse /mingw/bin/nm output from gcc object
configure:6136: gcc -c -O2 -D_FORTIFY_SOURCE=2 -g  -fPIC    conftest.c >&5
conftest.c:1:0: warning: -fPIC ignored for target (all code is position independent) [enabled by default]
configure:6139: $? = 0
configure:6143: /mingw/bin/nm conftest.o \| sed -n -e 's/^.*[ ]\([ABCDGIRSTW][ABCDGIRSTW]*\)[ ][ ]*\([_A-Za-z][_A-Za-z0-9]*\)\{0,1\}$/\1 \2 \2/p' | sed '/ __gnu_lto/d' \> conftest.nm
configure:6146: $? = 0
configure:6212: gcc -o conftest.exe -O2 -D_FORTIFY_SOURCE=2 -g  -fPIC     conftest.c conftstm.o >&5
conftest.c:1:0: warning: -fPIC ignored for target (all code is position independent) [enabled by default]
configure:6215: $? = 0
configure:6253: result: ok
configure:6290: checking for sysroot
configure:6320: result: no
configure:6563: checking for mt
configure:6593: result: no
configure:6613: checking if : is a manifest tool
configure:6619: : '-?'
configure:6627: result: no
configure:7259: checking how to run the C preprocessor
configure:7290: gcc -E  conftest.c
configure:7290: $? = 0
configure:7304: gcc -E  conftest.c
conftest.c:11:28: fatal error: ac_nonexistent.h: No such file or directory
compilation terminated.
configure:7304: $? = 1
configure: failed program was:
| /* confdefs.h */
| #define PACKAGE_NAME "pixman"
| #define PACKAGE_TARNAME "pixman"
| #define PACKAGE_VERSION "0.18.4"
| #define PACKAGE_STRING "pixman 0.18.4"
| #define PACKAGE_BUGREPORT ""pixman@lists.freedesktop.org""
| #define PACKAGE_URL ""
| #define PACKAGE "pixman"
| #define VERSION "0.18.4"
| /* end confdefs.h.  */
| #include <ac_nonexistent.h>
configure:7329: result: gcc -E
configure:7349: gcc -E  conftest.c
configure:7349: $? = 0
configure:7363: gcc -E  conftest.c
conftest.c:11:28: fatal error: ac_nonexistent.h: No such file or directory
compilation terminated.
configure:7363: $? = 1
configure: failed program was:
| /* confdefs.h */
| #define PACKAGE_NAME "pixman"
| #define PACKAGE_TARNAME "pixman"
| #define PACKAGE_VERSION "0.18.4"
| #define PACKAGE_STRING "pixman 0.18.4"
| #define PACKAGE_BUGREPORT ""pixman@lists.freedesktop.org""
| #define PACKAGE_URL ""
| #define PACKAGE "pixman"
| #define VERSION "0.18.4"
| /* end confdefs.h.  */
| #include <ac_nonexistent.h>
configure:7392: checking for ANSI C header files
configure:7412: gcc -c -O2 -D_FORTIFY_SOURCE=2 -g  -fPIC    conftest.c >&5
conftest.c:1:0: warning: -fPIC ignored for target (all code is position independent) [enabled by default]
configure:7412: $? = 0
configure:7485: gcc -o conftest.exe -O2 -D_FORTIFY_SOURCE=2 -g  -fPIC     conftest.c  >&5
conftest.c:1:0: warning: -fPIC ignored for target (all code is position independent) [enabled by default]
configure:7485: $? = 0
configure:7485: ./conftest.exe
configure:7485: $? = 0
configure:7496: result: yes
configure:7509: checking for sys/types.h
configure:7509: gcc -c -O2 -D_FORTIFY_SOURCE=2 -g  -fPIC    conftest.c >&5
conftest.c:1:0: warning: -fPIC ignored for target (all code is position independent) [enabled by default]
configure:7509: $? = 0
configure:7509: result: yes
configure:7509: checking for sys/stat.h
configure:7509: gcc -c -O2 -D_FORTIFY_SOURCE=2 -g  -fPIC    conftest.c >&5
conftest.c:1:0: warning: -fPIC ignored for target (all code is position independent) [enabled by default]
configure:7509: $? = 0
configure:7509: result: yes
configure:7509: checking for stdlib.h
configure:7509: gcc -c -O2 -D_FORTIFY_SOURCE=2 -g  -fPIC    conftest.c >&5
conftest.c:1:0: warning: -fPIC ignored for target (all code is position independent) [enabled by default]
configure:7509: $? = 0
configure:7509: result: yes
configure:7509: checking for string.h
configure:7509: gcc -c -O2 -D_FORTIFY_SOURCE=2 -g  -fPIC    conftest.c >&5
conftest.c:1:0: warning: -fPIC ignored for target (all code is position independent) [enabled by default]
configure:7509: $? = 0
configure:7509: result: yes
configure:7509: checking for memory.h
configure:7509: gcc -c -O2 -D_FORTIFY_SOURCE=2 -g  -fPIC    conftest.c >&5
conftest.c:1:0: warning: -fPIC ignored for target (all code is position independent) [enabled by default]
configure:7509: $? = 0
configure:7509: result: yes
configure:7509: checking for strings.h
configure:7509: gcc -c -O2 -D_FORTIFY_SOURCE=2 -g  -fPIC    conftest.c >&5
conftest.c:1:0: warning: -fPIC ignored for target (all code is position independent) [enabled by default]
configure:7509: $? = 0
configure:7509: result: yes
configure:7509: checking for inttypes.h
configure:7509: gcc -c -O2 -D_FORTIFY_SOURCE=2 -g  -fPIC    conftest.c >&5
conftest.c:1:0: warning: -fPIC ignored for target (all code is position independent) [enabled by default]
configure:7509: $? = 0
configure:7509: result: yes
configure:7509: checking for stdint.h
configure:7509: gcc -c -O2 -D_FORTIFY_SOURCE=2 -g  -fPIC    conftest.c >&5
conftest.c:1:0: warning: -fPIC ignored for target (all code is position independent) [enabled by default]
configure:7509: $? = 0
configure:7509: result: yes
configure:7509: checking for unistd.h
configure:7509: gcc -c -O2 -D_FORTIFY_SOURCE=2 -g  -fPIC    conftest.c >&5
conftest.c:1:0: warning: -fPIC ignored for target (all code is position independent) [enabled by default]
configure:7509: $? = 0
configure:7509: result: yes
configure:7524: checking for dlfcn.h
configure:7524: gcc -c -O2 -D_FORTIFY_SOURCE=2 -g  -fPIC    conftest.c >&5
conftest.c:1:0: warning: -fPIC ignored for target (all code is position independent) [enabled by default]
configure:7524: $? = 0
configure:7524: result: yes
configure:7711: checking for objdir
configure:7726: result: .libs
configure:7993: checking if gcc supports -fno-rtti -fno-exceptions
configure:8011: gcc -c -O2 -D_FORTIFY_SOURCE=2 -g  -fPIC    -fno-rtti -fno-exceptions conftest.c >&5
cc1.exe: warning: command line option '-fno-rtti' is valid for C++/ObjC++ but not for C [enabled by default]
conftest.c:1:0: warning: -fPIC ignored for target (all code is position independent) [enabled by default]
configure:8015: $? = 0
configure:8028: result: no
configure:8338: checking for gcc option to produce PIC
configure:8345: result: -DDLL_EXPORT -DPIC
configure:8353: checking if gcc PIC flag -DDLL_EXPORT -DPIC works
configure:8371: gcc -c -O2 -D_FORTIFY_SOURCE=2 -g  -fPIC    -DDLL_EXPORT -DPIC -DPIC conftest.c >&5
conftest.c:1:0: warning: -fPIC ignored for target (all code is position independent) [enabled by default]
configure:8375: $? = 0
configure:8388: result: yes
configure:8417: checking if gcc static flag -static works
conftest.c:1:0: warning: -fPIC ignored for target (all code is position independent) [enabled by default]
configure:8445: result: yes
configure:8460: checking if gcc supports -c -o file.o
configure:8481: gcc -c -O2 -D_FORTIFY_SOURCE=2 -g  -fPIC    -o out/conftest2.o conftest.c >&5
conftest.c:1:0: warning: -fPIC ignored for target (all code is position independent) [enabled by default]
configure:8485: $? = 0
configure:8507: result: yes
configure:8515: checking if gcc supports -c -o file.o
configure:8562: result: yes
configure:8595: checking whether the gcc linker (f:/mingw64/x86_64-w64-mingw32/bin/ld.exe) supports shared libraries
configure:9753: result: yes
configure:9998: checking dynamic linker characteristics
configure:10734: result: Win32 ld.exe
configure:10841: checking how to hardcode library paths into programs
configure:10866: result: immediate
configure:11406: checking whether stripping libraries is possible
configure:11411: result: yes
configure:11446: checking if libtool supports shared libraries
configure:11448: result: yes
configure:11451: checking whether to build shared libraries
configure:11472: result: no
configure:11475: checking whether to build static libraries
configure:11479: result: yes
configure:11516: checking for getisax
configure:11516: gcc -o conftest.exe -O2 -D_FORTIFY_SOURCE=2 -g  -fPIC     conftest.c  >&5
conftest.c:1:0: warning: -fPIC ignored for target (all code is position independent) [enabled by default]
C:\Users\ADMINI~1\AppData\Local\Temp\cceQJ4PK.o: In function `main':
e:\mingwbuild\qemu-1.4.0\pixman/conftest.c:57: undefined reference to `getisax'
collect2.exe: error: ld returned 1 exit status
configure:11516: $? = 1
configure: failed program was:
| /* confdefs.h */
| #define PACKAGE_NAME "pixman"
| #define PACKAGE_TARNAME "pixman"
| #define PACKAGE_VERSION "0.18.4"
| #define PACKAGE_STRING "pixman 0.18.4"
| #define PACKAGE_BUGREPORT ""pixman@lists.freedesktop.org""
| #define PACKAGE_URL ""
| #define PACKAGE "pixman"
| #define VERSION "0.18.4"
| #define STDC_HEADERS 1
| #define HAVE_SYS_TYPES_H 1
| #define HAVE_SYS_STAT_H 1
| #define HAVE_STDLIB_H 1
| #define HAVE_STRING_H 1
| #define HAVE_MEMORY_H 1
| #define HAVE_STRINGS_H 1
| #define HAVE_INTTYPES_H 1
| #define HAVE_STDINT_H 1
| #define HAVE_UNISTD_H 1
| #define HAVE_DLFCN_H 1
| #define LT_OBJDIR ".libs/"
| /* end confdefs.h.  */
| /* Define getisax to an innocuous variant, in case <limits.h> declares getisax.
|    For example, HP-UX 11i <limits.h> declares gettimeofday.  */
| #define getisax innocuous_getisax
| 
| /* System header to define __stub macros and hopefully few prototypes,
|     which can conflict with char getisax (); below.
|     Prefer <limits.h> to <assert.h> if __STDC__ is defined, since
|     <limits.h> exists even on freestanding compilers.  */
| 
| #ifdef __STDC__
| # include <limits.h>
| #else
| # include <assert.h>
| #endif
| 
| #undef getisax
| 
| /* Override any GCC internal prototype to avoid an error.
|    Use char because int might match the return type of a GCC
|    builtin and then its argument prototype would still apply.  */
| #ifdef __cplusplus
| extern "C"
| #endif
| char getisax ();
| /* The GNU C library defines this for functions which it implements
|     to always fail with ENOSYS.  Some functions are actually named
|     something starting with __ and the normal name is an alias.  */
| #if defined __stub_getisax || defined __stub___getisax
| choke me
| #endif
| 
| int
| main ()
| {
| return getisax ();
|   ;
|   return 0;
| }
configure:11516: result: no
configure:11525: checking whether byte ordering is bigendian
configure:11540: gcc -c -O2 -D_FORTIFY_SOURCE=2 -g  -fPIC    conftest.c >&5
conftest.c:1:0: warning: -fPIC ignored for target (all code is position independent) [enabled by default]
conftest.c:24:9: error: unknown type name 'not'
conftest.c:24:15: error: expected '=', ',', ';', 'asm' or '__attribute__' before 'universal'
conftest.c:24:15: error: unknown type name 'universal'
configure:11540: $? = 1
configure: failed program was:
| /* confdefs.h */
| #define PACKAGE_NAME "pixman"
| #define PACKAGE_TARNAME "pixman"
| #define PACKAGE_VERSION "0.18.4"
| #define PACKAGE_STRING "pixman 0.18.4"
| #define PACKAGE_BUGREPORT ""pixman@lists.freedesktop.org""
| #define PACKAGE_URL ""
| #define PACKAGE "pixman"
| #define VERSION "0.18.4"
| #define STDC_HEADERS 1
| #define HAVE_SYS_TYPES_H 1
| #define HAVE_SYS_STAT_H 1
| #define HAVE_STDLIB_H 1
| #define HAVE_STRING_H 1
| #define HAVE_MEMORY_H 1
| #define HAVE_STRINGS_H 1
| #define HAVE_INTTYPES_H 1
| #define HAVE_STDINT_H 1
| #define HAVE_UNISTD_H 1
| #define HAVE_DLFCN_H 1
| #define LT_OBJDIR ".libs/"
| /* end confdefs.h.  */
| #ifndef __APPLE_CC__
| 	       not a universal capable compiler
| 	     #endif
| 	     typedef int dummy;
| 
configure:11585: gcc -c -O2 -D_FORTIFY_SOURCE=2 -g  -fPIC    conftest.c >&5
conftest.c:1:0: warning: -fPIC ignored for target (all code is position independent) [enabled by default]
configure:11585: $? = 0
configure:11603: gcc -c -O2 -D_FORTIFY_SOURCE=2 -g  -fPIC    conftest.c >&5
conftest.c:1:0: warning: -fPIC ignored for target (all code is position independent) [enabled by default]
conftest.c: In function 'main':
conftest.c:30:4: error: unknown type name 'not'
conftest.c:30:12: error: expected '=', ',', ';', 'asm' or '__attribute__' before 'endian'
configure:11603: $? = 1
configure: failed program was:
| /* confdefs.h */
| #define PACKAGE_NAME "pixman"
| #define PACKAGE_TARNAME "pixman"
| #define PACKAGE_VERSION "0.18.4"
| #define PACKAGE_STRING "pixman 0.18.4"
| #define PACKAGE_BUGREPORT ""pixman@lists.freedesktop.org""
| #define PACKAGE_URL ""
| #define PACKAGE "pixman"
| #define VERSION "0.18.4"
| #define STDC_HEADERS 1
| #define HAVE_SYS_TYPES_H 1
| #define HAVE_SYS_STAT_H 1
| #define HAVE_STDLIB_H 1
| #define HAVE_STRING_H 1
| #define HAVE_MEMORY_H 1
| #define HAVE_STRINGS_H 1
| #define HAVE_INTTYPES_H 1
| #define HAVE_STDINT_H 1
| #define HAVE_UNISTD_H 1
| #define HAVE_DLFCN_H 1
| #define LT_OBJDIR ".libs/"
| /* end confdefs.h.  */
| #include <sys/types.h>
| 		#include <sys/param.h>
| 
| int
| main ()
| {
| #if BYTE_ORDER != BIG_ENDIAN
| 		 not big endian
| 		#endif
| 
|   ;
|   return 0;
| }
configure:11731: result: no
configure:11749: checking for inline
configure:11765: gcc -c -O2 -D_FORTIFY_SOURCE=2 -g  -fPIC    conftest.c >&5
conftest.c:1:0: warning: -fPIC ignored for target (all code is position independent) [enabled by default]
configure:11765: $? = 0
configure:11773: result: inline
configure:11796: checking size of long
configure:11801: gcc -o conftest.exe -O2 -D_FORTIFY_SOURCE=2 -g  -fPIC     conftest.c  >&5
conftest.c:1:0: warning: -fPIC ignored for target (all code is position independent) [enabled by default]
configure:11801: $? = 0
configure:11801: ./conftest.exe
configure:11801: $? = 0
configure:11816: result: 4
configure:11828: checking whether __SUNPRO_C is declared
configure:11828: gcc -c -O2 -D_FORTIFY_SOURCE=2 -g  -fPIC    conftest.c >&5
conftest.c:1:0: warning: -fPIC ignored for target (all code is position independent) [enabled by default]
conftest.c: In function 'main':
conftest.c:61:10: error: '__SUNPRO_C' undeclared (first use in this function)
conftest.c:61:10: note: each undeclared identifier is reported only once for each function it appears in
configure:11828: $? = 1
configure: failed program was:
| /* confdefs.h */
| #define PACKAGE_NAME "pixman"
| #define PACKAGE_TARNAME "pixman"
| #define PACKAGE_VERSION "0.18.4"
| #define PACKAGE_STRING "pixman 0.18.4"
| #define PACKAGE_BUGREPORT ""pixman@lists.freedesktop.org""
| #define PACKAGE_URL ""
| #define PACKAGE "pixman"
| #define VERSION "0.18.4"
| #define STDC_HEADERS 1
| #define HAVE_SYS_TYPES_H 1
| #define HAVE_SYS_STAT_H 1
| #define HAVE_STDLIB_H 1
| #define HAVE_STRING_H 1
| #define HAVE_MEMORY_H 1
| #define HAVE_STRINGS_H 1
| #define HAVE_INTTYPES_H 1
| #define HAVE_STDINT_H 1
| #define HAVE_UNISTD_H 1
| #define HAVE_DLFCN_H 1
| #define LT_OBJDIR ".libs/"
| #define SIZEOF_LONG 4
| /* end confdefs.h.  */
| #include <stdio.h>
| #ifdef HAVE_SYS_TYPES_H
| # include <sys/types.h>
| #endif
| #ifdef HAVE_SYS_STAT_H
| # include <sys/stat.h>
| #endif
| #ifdef STDC_HEADERS
| # include <stdlib.h>
| # include <stddef.h>
| #else
| # ifdef HAVE_STDLIB_H
| #  include <stdlib.h>
| # endif
| #endif
| #ifdef HAVE_STRING_H
| # if !defined STDC_HEADERS && defined HAVE_MEMORY_H
| #  include <memory.h>
| # endif
| # include <string.h>
| #endif
| #ifdef HAVE_STRINGS_H
| # include <strings.h>
| #endif
| #ifdef HAVE_INTTYPES_H
| # include <inttypes.h>
| #endif
| #ifdef HAVE_STDINT_H
| # include <stdint.h>
| #endif
| #ifdef HAVE_UNISTD_H
| # include <unistd.h>
| #endif
| int
| main ()
| {
| #ifndef __SUNPRO_C
|   (void) __SUNPRO_C;
| #endif
| 
|   ;
|   return 0;
| }
configure:11828: result: no
configure:11835: checking whether __amd64 is declared
configure:11835: gcc -c -O2 -D_FORTIFY_SOURCE=2 -g  -fPIC    conftest.c >&5
conftest.c:1:0: warning: -fPIC ignored for target (all code is position independent) [enabled by default]
configure:11835: $? = 0
configure:11835: result: yes
configure:11892: checking for perl
configure:11910: found /bin/perl
configure:11923: result: /bin/perl
configure:11938: checking for -fvisibility
configure:11950: gcc -c -O2 -D_FORTIFY_SOURCE=2 -g  -fPIC   -Wall -fno-strict-aliasing  conftest.c >&5
conftest.c:1:0: warning: -fPIC ignored for target (all code is position independent) [enabled by default]
configure:11950: $? = 0
configure:11958: result: yes
configure:11962: checking for -xldscope (Sun compilers)
configure:11974: gcc -c -O2 -D_FORTIFY_SOURCE=2 -g  -fPIC   -Wall -fno-strict-aliasing -fvisibility=hidden  conftest.c >&5
conftest.c:1:0: warning: -fPIC ignored for target (all code is position independent) [enabled by default]
conftest.c:27:1: error: unknown type name 'error'
conftest.c:27:12: error: expected '=', ',', ';', 'asm' or '__attribute__' before 'Sun'
conftest.c:27:12: error: unknown type name 'Sun'
configure:11974: $? = 1
configure: failed program was:
| /* confdefs.h */
| #define PACKAGE_NAME "pixman"
| #define PACKAGE_TARNAME "pixman"
| #define PACKAGE_VERSION "0.18.4"
| #define PACKAGE_STRING "pixman 0.18.4"
| #define PACKAGE_BUGREPORT ""pixman@lists.freedesktop.org""
| #define PACKAGE_URL ""
| #define PACKAGE "pixman"
| #define VERSION "0.18.4"
| #define STDC_HEADERS 1
| #define HAVE_SYS_TYPES_H 1
| #define HAVE_SYS_STAT_H 1
| #define HAVE_STDLIB_H 1
| #define HAVE_STRING_H 1
| #define HAVE_MEMORY_H 1
| #define HAVE_STRINGS_H 1
| #define HAVE_INTTYPES_H 1
| #define HAVE_STDINT_H 1
| #define HAVE_UNISTD_H 1
| #define HAVE_DLFCN_H 1
| #define LT_OBJDIR ".libs/"
| #define SIZEOF_LONG 4
| /* end confdefs.h.  */
| 
| #if defined(__SUNPRO_C) && (__SUNPRO_C >= 0x550)
| #else
| error Need Sun Studio 8 for visibility
| #endif
| int main () { return 0; }
| 
configure:11982: result: no
configure:12000: checking whether to use MMX intrinsics
configure:12016: gcc -c -mmmx -Winline -O2 -D_FORTIFY_SOURCE=2 -g  -fPIC   -Wall -fno-strict-aliasing -fvisibility=hidden  conftest.c >&5
conftest.c:1:0: warning: -fPIC ignored for target (all code is position independent) [enabled by default]
configure:12016: $? = 0
configure:12042: result: yes
configure:12070: checking whether to use SSE2 intrinsics
configure:12092: gcc -c -mmmx -msse2 -Winline -O2 -D_FORTIFY_SOURCE=2 -g  -fPIC   -Wall -fno-strict-aliasing -fvisibility=hidden  conftest.c >&5
conftest.c:1:0: warning: -fPIC ignored for target (all code is position independent) [enabled by default]
conftest.c: In function 'main':
conftest.c:35:61: warning: variable 'c' set but not used [-Wunused-but-set-variable]
configure:12092: $? = 0
configure:12116: result: yes
configure:12180: checking whether to use VMX/Altivec intrinsics
configure:12197: gcc -c -maltivec -mabi=altivec -O2 -D_FORTIFY_SOURCE=2 -g  -fPIC   -Wall -fno-strict-aliasing -fvisibility=hidden  conftest.c >&5
gcc.exe: error: unrecognized command line option '-maltivec'
gcc.exe: error: unrecognized argument in option '-mabi=altivec'
gcc.exe: note: valid arguments to '-mabi=' are: ms sysv
configure:12197: $? = 1
configure: failed program was:
| /* confdefs.h */
| #define PACKAGE_NAME "pixman"
| #define PACKAGE_TARNAME "pixman"
| #define PACKAGE_VERSION "0.18.4"
| #define PACKAGE_STRING "pixman 0.18.4"
| #define PACKAGE_BUGREPORT ""pixman@lists.freedesktop.org""
| #define PACKAGE_URL ""
| #define PACKAGE "pixman"
| #define VERSION "0.18.4"
| #define STDC_HEADERS 1
| #define HAVE_SYS_TYPES_H 1
| #define HAVE_SYS_STAT_H 1
| #define HAVE_STDLIB_H 1
| #define HAVE_STRING_H 1
| #define HAVE_MEMORY_H 1
| #define HAVE_STRINGS_H 1
| #define HAVE_INTTYPES_H 1
| #define HAVE_STDINT_H 1
| #define HAVE_UNISTD_H 1
| #define HAVE_DLFCN_H 1
| #define LT_OBJDIR ".libs/"
| #define SIZEOF_LONG 4
| #define USE_MMX 1
| #define USE_SSE2 1
| /* end confdefs.h.  */
| 
| #if defined(__GNUC__) && (__GNUC__ < 3 || (__GNUC__ == 3 && __GNUC_MINOR__ < 4))
| error "Need GCC >= 3.4 for sane altivec support"
| #endif
| #include <altivec.h>
| int main () {
|     vector unsigned int v = vec_splat_u32 (1);
|     v = vec_sub (v, v);
|     return 0;
| }
configure:12223: result: no
configure:12241: checking whether to use ARM SIMD assembler
configure:12259: gcc -c -x assembler-with-cpp -O2 -D_FORTIFY_SOURCE=2 -g  -fPIC   -Wall -fno-strict-aliasing -fvisibility=hidden  conftest.c >&5
conftest.c:1:0: warning: -fPIC ignored for target (all code is position independent) [enabled by default]
conftest.c:33:2: error: #error EABI is required (to be sure that calling conventions are compatible)
configure:12259: $? = 1
configure: failed program was:
| /* confdefs.h */
| #define PACKAGE_NAME "pixman"
| #define PACKAGE_TARNAME "pixman"
| #define PACKAGE_VERSION "0.18.4"
| #define PACKAGE_STRING "pixman 0.18.4"
| #define PACKAGE_BUGREPORT ""pixman@lists.freedesktop.org""
| #define PACKAGE_URL ""
| #define PACKAGE "pixman"
| #define VERSION "0.18.4"
| #define STDC_HEADERS 1
| #define HAVE_SYS_TYPES_H 1
| #define HAVE_SYS_STAT_H 1
| #define HAVE_STDLIB_H 1
| #define HAVE_STRING_H 1
| #define HAVE_MEMORY_H 1
| #define HAVE_STRINGS_H 1
| #define HAVE_INTTYPES_H 1
| #define HAVE_STDINT_H 1
| #define HAVE_UNISTD_H 1
| #define HAVE_DLFCN_H 1
| #define LT_OBJDIR ".libs/"
| #define SIZEOF_LONG 4
| #define USE_MMX 1
| #define USE_SSE2 1
| /* end confdefs.h.  */
| 
| .text
| .arch armv6
| .object_arch armv4
| .arm
| .altmacro
| #ifndef __ARM_EABI__
| #error EABI is required (to be sure that calling conventions are compatible)
| #endif
| pld [r0]
| uqadd8 r0, r0, r0
configure:12292: result: no
configure:12299: checking whether to use ARM NEON assembler
configure:12319: gcc -c -x assembler-with-cpp -O2 -D_FORTIFY_SOURCE=2 -g  -fPIC   -Wall -fno-strict-aliasing -fvisibility=hidden  conftest.c >&5
conftest.c:1:0: warning: -fPIC ignored for target (all code is position independent) [enabled by default]
conftest.c:35:2: error: #error EABI is required (to be sure that calling conventions are compatible)
configure:12319: $? = 1
configure: failed program was:
| /* confdefs.h */
| #define PACKAGE_NAME "pixman"
| #define PACKAGE_TARNAME "pixman"
| #define PACKAGE_VERSION "0.18.4"
| #define PACKAGE_STRING "pixman 0.18.4"
| #define PACKAGE_BUGREPORT ""pixman@lists.freedesktop.org""
| #define PACKAGE_URL ""
| #define PACKAGE "pixman"
| #define VERSION "0.18.4"
| #define STDC_HEADERS 1
| #define HAVE_SYS_TYPES_H 1
| #define HAVE_SYS_STAT_H 1
| #define HAVE_STDLIB_H 1
| #define HAVE_STRING_H 1
| #define HAVE_MEMORY_H 1
| #define HAVE_STRINGS_H 1
| #define HAVE_INTTYPES_H 1
| #define HAVE_STDINT_H 1
| #define HAVE_UNISTD_H 1
| #define HAVE_DLFCN_H 1
| #define LT_OBJDIR ".libs/"
| #define SIZEOF_LONG 4
| #define USE_MMX 1
| #define USE_SSE2 1
| /* end confdefs.h.  */
| 
| .text
| .fpu neon
| .arch armv7a
| .object_arch armv4
| .eabi_attribute 10, 0
| .arm
| .altmacro
| #ifndef __ARM_EABI__
| #error EABI is required (to be sure that calling conventions are compatible)
| #endif
| pld [r0]
| vmovn.u16 d0, q0
configure:12352: result: no
configure:12360: checking whether to use GNU-style inline assembler
configure:12371: gcc -c -O2 -D_FORTIFY_SOURCE=2 -g  -fPIC   -Wall -fno-strict-aliasing -fvisibility=hidden  conftest.c >&5
conftest.c:1:0: warning: -fPIC ignored for target (all code is position independent) [enabled by default]
configure:12371: $? = 0
configure:12394: result: yes
configure:12457: checking for posix_memalign
configure:12457: gcc -o conftest.exe -O2 -D_FORTIFY_SOURCE=2 -g  -fPIC   -Wall -fno-strict-aliasing -fvisibility=hidden   conftest.c  >&5
conftest.c:1:0: warning: -fPIC ignored for target (all code is position independent) [enabled by default]
C:\Users\ADMINI~1\AppData\Local\Temp\cckAodco.o: In function `main':
e:\mingwbuild\qemu-1.4.0\pixman/conftest.c:61: undefined reference to `posix_memalign'
collect2.exe: error: ld returned 1 exit status
configure:12457: $? = 1
configure: failed program was:
| /* confdefs.h */
| #define PACKAGE_NAME "pixman"
| #define PACKAGE_TARNAME "pixman"
| #define PACKAGE_VERSION "0.18.4"
| #define PACKAGE_STRING "pixman 0.18.4"
| #define PACKAGE_BUGREPORT ""pixman@lists.freedesktop.org""
| #define PACKAGE_URL ""
| #define PACKAGE "pixman"
| #define VERSION "0.18.4"
| #define STDC_HEADERS 1
| #define HAVE_SYS_TYPES_H 1
| #define HAVE_SYS_STAT_H 1
| #define HAVE_STDLIB_H 1
| #define HAVE_STRING_H 1
| #define HAVE_MEMORY_H 1
| #define HAVE_STRINGS_H 1
| #define HAVE_INTTYPES_H 1
| #define HAVE_STDINT_H 1
| #define HAVE_UNISTD_H 1
| #define HAVE_DLFCN_H 1
| #define LT_OBJDIR ".libs/"
| #define SIZEOF_LONG 4
| #define USE_MMX 1
| #define USE_SSE2 1
| #define USE_GCC_INLINE_ASM 1
| /* end confdefs.h.  */
| /* Define posix_memalign to an innocuous variant, in case <limits.h> declares posix_memalign.
|    For example, HP-UX 11i <limits.h> declares gettimeofday.  */
| #define posix_memalign innocuous_posix_memalign
| 
| /* System header to define __stub macros and hopefully few prototypes,
|     which can conflict with char posix_memalign (); below.
|     Prefer <limits.h> to <assert.h> if __STDC__ is defined, since
|     <limits.h> exists even on freestanding compilers.  */
| 
| #ifdef __STDC__
| # include <limits.h>
| #else
| # include <assert.h>
| #endif
| 
| #undef posix_memalign
| 
| /* Override any GCC internal prototype to avoid an error.
|    Use char because int might match the return type of a GCC
|    builtin and then its argument prototype would still apply.  */
| #ifdef __cplusplus
| extern "C"
| #endif
| char posix_memalign ();
| /* The GNU C library defines this for functions which it implements
|     to always fail with ENOSYS.  Some functions are actually named
|     something starting with __ and the normal name is an alias.  */
| #if defined __stub_posix_memalign || defined __stub___posix_memalign
| choke me
| #endif
| 
| int
| main ()
| {
| return posix_memalign ();
|   ;
|   return 0;
| }
configure:12457: result: no
configure:12473: checking for __thread
configure:12485: gcc -c -O2 -D_FORTIFY_SOURCE=2 -g  -fPIC   -Wall -fno-strict-aliasing -fvisibility=hidden  conftest.c >&5
conftest.c:1:0: warning: -fPIC ignored for target (all code is position independent) [enabled by default]
conftest.c:29:2: error: #error MinGW has broken __thread support
configure:12485: $? = 1
configure: failed program was:
| /* confdefs.h */
| #define PACKAGE_NAME "pixman"
| #define PACKAGE_TARNAME "pixman"
| #define PACKAGE_VERSION "0.18.4"
| #define PACKAGE_STRING "pixman 0.18.4"
| #define PACKAGE_BUGREPORT ""pixman@lists.freedesktop.org""
| #define PACKAGE_URL ""
| #define PACKAGE "pixman"
| #define VERSION "0.18.4"
| #define STDC_HEADERS 1
| #define HAVE_SYS_TYPES_H 1
| #define HAVE_SYS_STAT_H 1
| #define HAVE_STDLIB_H 1
| #define HAVE_STRING_H 1
| #define HAVE_MEMORY_H 1
| #define HAVE_STRINGS_H 1
| #define HAVE_INTTYPES_H 1
| #define HAVE_STDINT_H 1
| #define HAVE_UNISTD_H 1
| #define HAVE_DLFCN_H 1
| #define LT_OBJDIR ".libs/"
| #define SIZEOF_LONG 4
| #define USE_MMX 1
| #define USE_SSE2 1
| #define USE_GCC_INLINE_ASM 1
| /* end confdefs.h.  */
| 
| #ifdef __MINGW32__
| #error MinGW has broken __thread support
| #endif
| __thread int x ;
| int main () { return 0; }
| 
configure:12496: result: no
configure:12504: checking for pthread_setspecific
configure:12549: gcc -o conftest.exe -O2 -D_FORTIFY_SOURCE=2 -g  -fPIC   -Wall -fno-strict-aliasing -fvisibility=hidden  -pthread conftest.c  >&5
conftest.c:1:0: warning: -fPIC ignored for target (all code is position independent) [enabled by default]
conftest.c: In function 'main':
conftest.c:60:1: warning: control reaches end of non-void function [-Wreturn-type]
configure:12549: $? = 0
configure:12564: result: yes
configure:12726: creating ./config.status

## ---------------------- ##
## Running config.status. ##
## ---------------------- ##

This file was extended by pixman config.status 0.18.4, which was
generated by GNU Autoconf 2.65.  Invocation command line was

  CONFIG_FILES    = 
  CONFIG_HEADERS  = 
  CONFIG_LINKS    = 
  CONFIG_COMMANDS = 
  $ ./config.status 

on Fw1-PC

config.status:1140: creating pixman-1.pc
config.status:1140: creating pixman-1-uninstalled.pc
config.status:1140: creating Makefile
config.status:1140: creating pixman/Makefile
config.status:1140: creating pixman/pixman-version.h
config.status:1140: creating test/Makefile
config.status:1140: creating config.h
config.status:1360: executing depfiles commands
config.status:1360: executing libtool commands

## ---------------- ##
## Cache variables. ##
## ---------------- ##

ac_cv_build=i686-pc-mingw32
ac_cv_c_bigendian=no
ac_cv_c_compiler_gnu=yes
ac_cv_c_inline=inline
ac_cv_env_CCASFLAGS_set=
ac_cv_env_CCASFLAGS_value=
ac_cv_env_CCAS_set=
ac_cv_env_CCAS_value=
ac_cv_env_CC_set=
ac_cv_env_CC_value=
ac_cv_env_CFLAGS_set=set
ac_cv_env_CFLAGS_value='-O2 -D_FORTIFY_SOURCE=2 -g  -fPIC  '
ac_cv_env_CPPFLAGS_set=
ac_cv_env_CPPFLAGS_value=
ac_cv_env_CPP_set=
ac_cv_env_CPP_value=
ac_cv_env_LDFLAGS_set=
ac_cv_env_LDFLAGS_value=
ac_cv_env_LIBS_set=
ac_cv_env_LIBS_value=
ac_cv_env_build_alias_set=
ac_cv_env_build_alias_value=
ac_cv_env_host_alias_set=
ac_cv_env_host_alias_value=
ac_cv_env_target_alias_set=
ac_cv_env_target_alias_value=
ac_cv_exeext=.exe
ac_cv_func_getisax=no
ac_cv_func_posix_memalign=no
ac_cv_have_decl___SUNPRO_C=no
ac_cv_have_decl___amd64=yes
ac_cv_header_dlfcn_h=yes
ac_cv_header_inttypes_h=yes
ac_cv_header_memory_h=yes
ac_cv_header_stdc=yes
ac_cv_header_stdint_h=yes
ac_cv_header_stdlib_h=yes
ac_cv_header_string_h=yes
ac_cv_header_strings_h=yes
ac_cv_header_sys_stat_h=yes
ac_cv_header_sys_types_h=yes
ac_cv_header_unistd_h=yes
ac_cv_host=i686-pc-mingw32
ac_cv_objext=o
ac_cv_path_EGREP='/bin/grep -E'
ac_cv_path_FGREP='/bin/grep -F'
ac_cv_path_GREP=/bin/grep
ac_cv_path_PERL=/bin/perl
ac_cv_path_SED=/bin/sed
ac_cv_path_install='/bin/install -c'
ac_cv_path_mkdir=/bin/mkdir
ac_cv_prog_AWK=gawk
ac_cv_prog_CPP='gcc -E'
ac_cv_prog_ac_ct_AR=ar
ac_cv_prog_ac_ct_CC=gcc
ac_cv_prog_ac_ct_DLLTOOL=dlltool
ac_cv_prog_ac_ct_OBJDUMP=objdump
ac_cv_prog_ac_ct_RANLIB=ranlib
ac_cv_prog_ac_ct_STRIP=strip
ac_cv_prog_cc_c89=
ac_cv_prog_cc_g=yes
ac_cv_prog_make_make_set=yes
ac_cv_sizeof_long=4
am_cv_CCAS_dependencies_compiler_type=gcc3
am_cv_CC_dependencies_compiler_type=gcc3
lt_cv_ar_at_file=@
lt_cv_deplibs_check_method='file_magic ^x86 archive import|^x86 DLL'
lt_cv_file_magic_cmd=func_win32_libid
lt_cv_file_magic_test_file=
lt_cv_ld_reload_flag=-r
lt_cv_nm_interface='BSD nm'
lt_cv_objdir=.libs
lt_cv_path_LD=f:/mingw64/x86_64-w64-mingw32/bin/ld.exe
lt_cv_path_NM=/mingw/bin/nm
lt_cv_path_mainfest_tool=no
lt_cv_prog_compiler_c_o=yes
lt_cv_prog_compiler_pic='-DDLL_EXPORT -DPIC'
lt_cv_prog_compiler_pic_works=yes
lt_cv_prog_compiler_rtti_exceptions=no
lt_cv_prog_compiler_static_works=yes
lt_cv_prog_gnu_ld=yes
lt_cv_sharedlib_from_linklib_cmd=func_cygming_dll_for_implib
lt_cv_sys_global_symbol_pipe='sed -n -e '\''s/^.*[	 ]\([ABCDGIRSTW][ABCDGIRSTW]*\)[	 ][	 ]*\([_A-Za-z][_A-Za-z0-9]*\)\{0,1\}$/\1 \2 \2/p'\'' | sed '\''/ __gnu_lto/d'\'''
lt_cv_sys_global_symbol_to_c_name_address='sed -n -e '\''s/^: \([^ ]*\)[ ]*$/  {\"\1\", (void *) 0},/p'\'' -e '\''s/^[ABCDGIRSTW]* \([^ ]*\) \([^ ]*\)$/  {"\2", (void *) \&\2},/p'\'''
lt_cv_sys_global_symbol_to_c_name_address_lib_prefix='sed -n -e '\''s/^: \([^ ]*\)[ ]*$/  {\"\1\", (void *) 0},/p'\'' -e '\''s/^[ABCDGIRSTW]* \([^ ]*\) \(lib[^ ]*\)$/  {"\2", (void *) \&\2},/p'\'' -e '\''s/^[ABCDGIRSTW]* \([^ ]*\) \([^ ]*\)$/  {"lib\2", (void *) \&\2},/p'\'''
lt_cv_sys_global_symbol_to_cdecl='sed -n -e '\''s/^T .* \(.*\)$/extern int \1();/p'\'' -e '\''s/^[ABCDGIRSTW]* .* \(.*\)$/extern char \1;/p'\'''
lt_cv_sys_max_cmd_len=8192
lt_cv_to_host_file_cmd=func_convert_file_msys_to_w32
lt_cv_to_tool_file_cmd=func_convert_file_msys_to_w32

## ----------------- ##
## Output variables. ##
## ----------------- ##

ACLOCAL='${SHELL} /e/mingwbuild/qemu-1.4.0/pixman/missing --run aclocal-1.11'
AMDEPBACKSLASH='\'
AMDEP_FALSE='#'
AMDEP_TRUE=''
AMTAR='${SHELL} /e/mingwbuild/qemu-1.4.0/pixman/missing --run tar'
AM_BACKSLASH='\'
AM_DEFAULT_VERBOSITY='0'
AR='ar'
AUTOCONF='${SHELL} /e/mingwbuild/qemu-1.4.0/pixman/missing --run autoconf'
AUTOHEADER='${SHELL} /e/mingwbuild/qemu-1.4.0/pixman/missing --run autoheader'
AUTOMAKE='${SHELL} /e/mingwbuild/qemu-1.4.0/pixman/missing --run automake-1.11'
AWK='gawk'
CC='gcc'
CCAS='gcc'
CCASDEPMODE='depmode=gcc3'
CCASFLAGS='-O2 -D_FORTIFY_SOURCE=2 -g  -fPIC  '
CCDEPMODE='depmode=gcc3'
CFLAGS='-O2 -D_FORTIFY_SOURCE=2 -g  -fPIC   -Wall -fno-strict-aliasing -fvisibility=hidden'
CPP='gcc -E'
CPPFLAGS=''
CYGPATH_W='echo'
DEFS='-DHAVE_CONFIG_H'
DEPDIR='.deps'
DEP_CFLAGS=''
DEP_LIBS=''
DLLTOOL='dlltool'
DSYMUTIL=''
DUMPBIN=''
ECHO_C=''
ECHO_N='-n'
ECHO_T=''
EGREP='/bin/grep -E'
EXEEXT='.exe'
FGREP='/bin/grep -F'
GREP='/bin/grep'
GTK_CFLAGS=''
GTK_LIBS=''
HAVE_GTK_FALSE=''
HAVE_GTK_TRUE='#'
HAVE_PTHREAD_SETSPECIFIC=''
INSTALL_DATA='${INSTALL} -m 644'
INSTALL_PROGRAM='${INSTALL}'
INSTALL_SCRIPT='${INSTALL}'
INSTALL_STRIP_PROGRAM='$(install_sh) -c -s'
LD='f:/mingw64/x86_64-w64-mingw32/bin/ld.exe'
LDFLAGS=''
LIBOBJS=''
LIBS=''
LIBTOOL='$(SHELL) $(top_builddir)/libtool'
LIPO=''
LN_S='cp -p'
LTLIBOBJS=''
LT_VERSION_INFO='18:4:18'
MAKEINFO='${SHELL} /e/mingwbuild/qemu-1.4.0/pixman/missing --run makeinfo'
MANIFEST_TOOL=':'
MKDIR_P='/bin/mkdir -p'
MMX_CFLAGS='-mmmx -Winline'
MMX_LDFLAGS=''
NM='/mingw/bin/nm'
NMEDIT=''
OBJDUMP='objdump'
OBJEXT='o'
OTOOL64=''
OTOOL=''
PACKAGE='pixman'
PACKAGE_BUGREPORT='"pixman@lists.freedesktop.org"'
PACKAGE_NAME='pixman'
PACKAGE_STRING='pixman 0.18.4'
PACKAGE_TARNAME='pixman'
PACKAGE_URL=''
PACKAGE_VERSION='0.18.4'
PATH_SEPARATOR=':'
PERL='/bin/perl'
PIXMAN_TIMERS=''
PIXMAN_VERSION_MAJOR='0'
PIXMAN_VERSION_MICRO='4'
PIXMAN_VERSION_MINOR='18'
PTHREAD_LDFLAGS='-pthread'
RANLIB='ranlib'
SED='/bin/sed'
SET_MAKE=''
SHELL='/bin/sh'
SSE2_CFLAGS='-mmmx -msse2 -Winline'
SSE2_LDFLAGS=''
STRIP='strip'
TOOLCHAIN_SUPPORTS__THREAD=''
USE_ARM_NEON_FALSE=''
USE_ARM_NEON_TRUE='#'
USE_ARM_SIMD_FALSE=''
USE_ARM_SIMD_TRUE='#'
USE_GCC_INLINE_ASM_FALSE='#'
USE_GCC_INLINE_ASM_TRUE=''
USE_MMX_FALSE='#'
USE_MMX_TRUE=''
USE_SSE2_FALSE='#'
USE_SSE2_TRUE=''
USE_VMX_FALSE=''
USE_VMX_TRUE='#'
VERSION='0.18.4'
VMX_CFLAGS=''
ac_ct_AR='ar'
ac_ct_CC='gcc'
ac_ct_DUMPBIN=''
am__EXEEXT_FALSE='#'
am__EXEEXT_TRUE=''
am__fastdepCCAS_FALSE='#'
am__fastdepCCAS_TRUE=''
am__fastdepCC_FALSE='#'
am__fastdepCC_TRUE=''
am__include='include'
am__isrc=''
am__leading_dot='.'
am__quote=''
am__tar='${AMTAR} chof - "$$tardir"'
am__untar='${AMTAR} xf -'
bindir='${exec_prefix}/bin'
build='i686-pc-mingw32'
build_alias=''
build_cpu='i686'
build_os='mingw32'
build_vendor='pc'
datadir='${datarootdir}'
datarootdir='${prefix}/share'
docdir='${datarootdir}/doc/${PACKAGE_TARNAME}'
dvidir='${docdir}'
exec_prefix='${prefix}'
host='i686-pc-mingw32'
host_alias=''
host_cpu='i686'
host_os='mingw32'
host_vendor='pc'
htmldir='${docdir}'
includedir='${prefix}/include'
infodir='${datarootdir}/info'
install_sh='${SHELL} /e/mingwbuild/qemu-1.4.0/pixman/install-sh'
libdir='${exec_prefix}/lib'
libexecdir='${exec_prefix}/libexec'
localedir='${datarootdir}/locale'
localstatedir='${prefix}/var'
mandir='${datarootdir}/man'
mkdir_p='/bin/mkdir -p'
oldincludedir='/usr/include'
pdfdir='${docdir}'
prefix='/usr/local'
program_transform_name='s,x,x,'
psdir='${docdir}'
sbindir='${exec_prefix}/sbin'
sharedstatedir='${prefix}/com'
sysconfdir='${prefix}/etc'
target_alias=''

## ----------- ##
## confdefs.h. ##
## ----------- ##

/* confdefs.h */
#define PACKAGE_NAME "pixman"
#define PACKAGE_TARNAME "pixman"
#define PACKAGE_VERSION "0.18.4"
#define PACKAGE_STRING "pixman 0.18.4"
#define PACKAGE_BUGREPORT ""pixman@lists.freedesktop.org""
#define PACKAGE_URL ""
#define PACKAGE "pixman"
#define VERSION "0.18.4"
#define STDC_HEADERS 1
#define HAVE_SYS_TYPES_H 1
#define HAVE_SYS_STAT_H 1
#define HAVE_STDLIB_H 1
#define HAVE_STRING_H 1
#define HAVE_MEMORY_H 1
#define HAVE_STRINGS_H 1
#define HAVE_INTTYPES_H 1
#define HAVE_STDINT_H 1
#define HAVE_UNISTD_H 1
#define HAVE_DLFCN_H 1
#define LT_OBJDIR ".libs/"
#define SIZEOF_LONG 4
#define USE_MMX 1
#define USE_SSE2 1
#define USE_GCC_INLINE_ASM 1
#define HAVE_PTHREAD_SETSPECIFIC /**/

configure: exit 0
